<?xml version="1.0" encoding="UTF-8"?>
<testsuites name="TS_OM_ExistingBuildings" time="2401" tests="2" failures="0" errors="0">
   <testsuite name="TS_OM_ExistingBuildings" tests="2" failures="0" errors="0" time="2401" timestamp="2019-08-02 17:06:31" hostname="Promantus Inc - G10PROLT021" id="Test Suites/TS_OM_ExistingBuildings">
      <properties>
         <property name="deviceName" value=""/>
         <property name="devicePlatform" value=""/>
         <property name="logFolder" value="G:\\Sabareesh\\Personal\\USGBC_NewApproach1\\USGBC_LEED\\Reports\\TS_OM_ExistingBuildings\\20190802_170627"/>
         <property name="logFiles" value="G:\\Sabareesh\\Personal\\USGBC_NewApproach1\\USGBC_LEED\\Reports\\TS_OM_ExistingBuildings\\20190802_170627\\execution0.log"/>
         <property name="attachments" value=""/>
         <property name="hostName" value="Promantus Inc - G10PROLT021"/>
         <property name="os" value="Windows 10 64bit"/>
         <property name="katalonVersion" value="6.0.5.4"/>
         <property name="browser" value="Chrome 75.0.3770.100"/>
         <property name="hostAddress" value="192.168.0.107"/>
         <property name="sessionId" value="aa3f08ae04e20d8044eb5e7f3ab7599d"/>
         <property name="seleniumVersion" value="3.7.1"/>
         <property name="proxyInformation" value="ProxyInformation{proxyOption=NO_PROXY, proxyServerType=HTTP, password=, proxyServerAddress=, proxyServerPort=0}"/>
         <property name="platform" value="Windows 10"/>
      </properties>
      <testcase name="Test Cases/OM_ExistingBuildings/TC_GreenCleaningPolicy" classname="Test Cases/OM_ExistingBuildings/TC_GreenCleaningPolicy" status="PASSED">
         <system-out><![CDATA[2019-08-02 17:06:31 - [TEST_CASE][PASSED] - Test Cases/OM_ExistingBuildings/TC_GreenCleaningPolicy: Test Cases/OM_ExistingBuildings/TC_GreenCleaningPolicy

2019-08-02 17:06:32 - [TEST_STEP][PASSED] - runWithCucumberRunner(runner_OM_ExistingBuildings.GreenCleaningPolicyTestRunner): Run with 'runner_OM_ExistingBuildings.GreenCleaningPolicyTestRunner' was passed

2019-08-02 17:06:33 - [TEST_CASE][PASSED] - Test Cases/TC_Login: Test Cases/TC_Login

2019-08-02 17:06:34 - [TEST_STEP][PASSED] - runWithCucumberRunner(common.LoginRunner): Run with 'common.LoginRunner' was passed

2019-08-02 17:06:34 - [MESSAGE][INFO] - Starting 'Chrome (headless)' driver

2019-08-02 17:06:34 - [MESSAGE][INFO] - Action delay is set to 0 seconds

2019-08-02 17:06:38 - [MESSAGE][PASSED] - Browser is opened with url: ''

2019-08-02 17:06:39 - [MESSAGE][PASSED] - Current window maximized

2019-08-02 17:06:42 - [MESSAGE][PASSED] - Navigate to 'https://leedonline-stg.usgbc.org' successfully

2019-08-02 17:06:42 - [MESSAGE][PASSED] - Text 'automationbdd9@gmail.com' is set on object ''

2019-08-02 17:06:43 - [MESSAGE][PASSED] - Text 'initpass' is set on object ''

2019-08-02 17:06:46 - [MESSAGE][PASSED] - Delayed 3 second(s)

2019-08-02 17:06:46 - [MESSAGE][PASSED] - Scroll to object '' successfully

2019-08-02 17:06:46 - [MESSAGE][PASSED] - Object '' is checked

2019-08-02 17:06:50 - [MESSAGE][PASSED] - Delayed 4 second(s)

2019-08-02 17:06:50 - [MESSAGE][PASSED] - The form containing object: '' is submitted

2019-08-02 17:06:50 - [MESSAGE][PASSED] - Run with 'common.LoginRunner' was passed

2019-08-02 17:06:50 - [MESSAGE][PASSED] - Call Test Case 'Test Cases/TC_Login' successfully

2019-08-02 17:06:55 - [MESSAGE][PASSED] - Object: '' is clicked on

2019-08-02 17:06:57 - [MESSAGE][PASSED] - Object: '' is clicked on

2019-08-02 17:06:59 - [MESSAGE][PASSED] - Delayed 2 second(s)

2019-08-02 17:07:01 - [MESSAGE][PASSED] - Text of object '' is: 'ATTEMPTED'

2019-08-02 17:07:04 - [MESSAGE][PASSED] - Delayed 3 second(s)

2019-08-02 17:07:06 - [MESSAGE][PASSED] - Delayed 2 second(s)

2019-08-02 17:07:06 - [MESSAGE][PASSED] - Object: '' is clicked on

2019-08-02 17:07:06 - [MESSAGE][PASSED] - Text of object '' is: 'Green Cleaning Policy'

2019-08-02 17:07:09 - [MESSAGE][PASSED] - Delayed 3 second(s)

2019-08-02 17:07:12 - [MESSAGE][PASSED] - Object: '' is clicked on

2019-08-02 17:07:17 - [MESSAGE][PASSED] - Delayed 5 second(s)

2019-08-02 17:07:18 - [MESSAGE][PASSED] - Text of object '' is: 'Green Cleaning Policy'

2019-08-02 17:07:18 - [MESSAGE][PASSED] - Actual text 'Green Cleaning Policy' and expected text 'Green Cleaning Policy' are matched 

2019-08-02 17:07:18 - [MESSAGE][PASSED] - Text '(V01)' is present on page 

2019-08-02 17:07:18 - [MESSAGE][PASSED] - Object: '' is clicked on

2019-08-02 17:07:19 - [MESSAGE][PASSED] - Object '' has attribute 'class' with value 'tiny ui button'

2019-08-02 17:07:26 - [MESSAGE][PASSED] - Delayed 7 second(s)

2019-08-02 17:07:26 - [MESSAGE][PASSED] - File 'G:\Sabareesh\Personal\USGBC_NewApproach1\USGBC_LEED\Include\TestData\FilesToUpload\COO_1.pdf' sent to object: ''

2019-08-02 17:07:26 - [MESSAGE][PASSED] - Object '' has attribute 'class' with value 'tiny ui button'

2019-08-02 17:07:33 - [MESSAGE][PASSED] - Delayed 7 second(s)

2019-08-02 17:07:33 - [MESSAGE][PASSED] - File 'G:\Sabareesh\Personal\USGBC_NewApproach1\USGBC_LEED\Include\TestData\FilesToUpload\ZZ.pdf' sent to object: ''

2019-08-02 17:07:36 - [MESSAGE][PASSED] - Delayed 3 second(s)

2019-08-02 17:07:36 - [MESSAGE][PASSED] - Object '' has attribute 'class' with value 'tiny ui button'

2019-08-02 17:07:43 - [MESSAGE][PASSED] - Delayed 7 second(s)

2019-08-02 17:07:43 - [MESSAGE][PASSED] - File 'G:\Sabareesh\Personal\USGBC_NewApproach1\USGBC_LEED\Include\TestData\FilesToUpload\COO_1.pdf' sent to object: ''

2019-08-02 17:07:43 - [MESSAGE][PASSED] - Object '' has attribute 'class' with value 'tiny ui button'

2019-08-02 17:07:50 - [MESSAGE][PASSED] - Delayed 7 second(s)

2019-08-02 17:07:50 - [MESSAGE][PASSED] - File 'G:\Sabareesh\Personal\USGBC_NewApproach1\USGBC_LEED\Include\TestData\FilesToUpload\ZZ.pdf' sent to object: ''

2019-08-02 17:07:53 - [MESSAGE][PASSED] - Delayed 3 second(s)

2019-08-02 17:07:53 - [MESSAGE][PASSED] - Text of object '' is: 'ZZ.pdf'

2019-08-02 17:07:55 - [MESSAGE][PASSED] - Delayed 2 second(s)

2019-08-02 17:07:58 - [MESSAGE][PASSED] - Delayed 2 second(s)

2019-08-02 17:07:58 - [MESSAGE][PASSED] - ZZ.pdf is equal to ZZ.pdf

2019-08-02 17:07:58 - [MESSAGE][PASSED] - Actual text 'ZZ.pdf' and expected text 'ZZ.pdf' are matched 

2019-08-02 17:07:58 - [MESSAGE][PASSED] - Text of object '' is: 'COO_1.pdf'

2019-08-02 17:08:00 - [MESSAGE][PASSED] - Delayed 2 second(s)

2019-08-02 17:08:00 - [MESSAGE][PASSED] - COO_1.pdf is equal to COO_1.pdf

2019-08-02 17:08:00 - [MESSAGE][PASSED] - Actual text 'COO_1.pdf' and expected text 'COO_1.pdf' are matched 

2019-08-02 17:08:00 - [MESSAGE][PASSED] - Text of object '' is: 'ZZ.pdf'

2019-08-02 17:08:02 - [MESSAGE][PASSED] - Delayed 2 second(s)

2019-08-02 17:08:04 - [MESSAGE][PASSED] - Delayed 2 second(s)

2019-08-02 17:08:04 - [MESSAGE][PASSED] - ZZ.pdf is equal to ZZ.pdf

2019-08-02 17:08:04 - [MESSAGE][PASSED] - Actual text 'ZZ.pdf' and expected text 'ZZ.pdf' are matched 

2019-08-02 17:08:04 - [MESSAGE][PASSED] - Text of object '' is: 'COO_1.pdf'

2019-08-02 17:08:06 - [MESSAGE][PASSED] - Delayed 2 second(s)

2019-08-02 17:08:06 - [MESSAGE][PASSED] - COO_1.pdf is equal to COO_1.pdf

2019-08-02 17:08:06 - [MESSAGE][PASSED] - Actual text 'COO_1.pdf' and expected text 'COO_1.pdf' are matched 

2019-08-02 17:08:08 - [MESSAGE][PASSED] - Text 'Known that everybody have the personal aim. It is defferent . For example, there are some people think that the most important thing in them life is career. While there are other people think that is family. me too. The most important thing with my life is my small and big family.29O3R' is set on object ''

2019-08-02 17:08:10 - [MESSAGE][PASSED] - Delayed 2 second(s)

2019-08-02 17:08:10 - [MESSAGE][PASSED] - Text of object '' is: 'Known that everybody have the personal aim. It is defferent . For example, there are some people think that the most important thing in them life is career. While there are other people think that is family. me too. The most important thing with my life is my small and big family.29O3R'

2019-08-02 17:08:10 - [MESSAGE][PASSED] - Actual text 'Known that everybody have the personal aim. It is defferent . For example, there are some people think that the most important thing in them life is career. While there are other people think that is family. me too. The most important thing with my life is my small and big family.29O3R' and expected text 'Known that everybody have the personal aim. It is defferent . For example, there are some people think that the most important thing in them life is career. While there are other people think that is family. me too. The most important thing with my life is my small and big family.29O3R' are matched 

2019-08-02 17:08:11 - [MESSAGE][PASSED] - Object: '' is clicked on

2019-08-02 17:08:15 - [MESSAGE][PASSED] - Delayed 4 second(s)

2019-08-02 17:08:15 - [MESSAGE][PASSED] - Text 'Form data saved successfully.' is present on page 

2019-08-02 17:08:21 - [MESSAGE][PASSED] - Delayed 6 second(s)

2019-08-02 17:08:23 - [MESSAGE][PASSED] - Delayed 2 second(s)

2019-08-02 17:08:23 - [MESSAGE][PASSED] - Object '' is present

2019-08-02 17:08:23 - [MESSAGE][PASSED] - Object: '' is clicked on

2019-08-02 17:08:33 - [MESSAGE][PASSED] - Delayed 10 second(s)

2019-08-02 17:08:39 - [MESSAGE][PASSED] - Delayed 6 second(s)

2019-08-02 17:08:40 - [MESSAGE][PASSED] - Text of object '' is: 'Known that everybody have the personal aim. It is defferent . For example, there are some people think that the most important thing in them life is career. While there are other people think that is family. me too. The most important thing with my life is my small and big family.29O3R'

2019-08-02 17:08:40 - [MESSAGE][PASSED] - Actual text 'Found' and expected text 'Found' are matched 

2019-08-02 17:08:40 - [MESSAGE][PASSED] - Actual text 'Found' and expected text 'Found' are matched 

2019-08-02 17:08:41 - [MESSAGE][PASSED] - Actual text 'Found' and expected text 'Found' are matched 

2019-08-02 17:08:42 - [MESSAGE][PASSED] - Navigate back successfully

2019-08-02 17:08:44 - [MESSAGE][PASSED] - Delayed 2 second(s)

2019-08-02 17:08:44 - [MESSAGE][PASSED] - Object: '' is clicked on

2019-08-02 17:08:49 - [MESSAGE][PASSED] - Delayed 5 second(s)

2019-08-02 17:08:51 - [MESSAGE][PASSED] - Delayed 2 second(s)

2019-08-02 17:08:52 - [MESSAGE][PASSED] - Navigate forward successfully

2019-08-02 17:08:54 - [MESSAGE][PASSED] - Delayed 2 second(s)

2019-08-02 17:08:59 - [MESSAGE][PASSED] - Delayed 5 second(s)

2019-08-02 17:08:59 - [MESSAGE][PASSED] - Object: '' is clicked on

2019-08-02 17:08:59 - [MESSAGE][PASSED] - Text of object '' is: 'COO_1.pdf'

2019-08-02 17:09:04 - [MESSAGE][PASSED] - Delayed 5 second(s)

2019-08-02 17:09:04 - [MESSAGE][PASSED] - Object: '' is hovered

2019-08-02 17:09:06 - [MESSAGE][PASSED] - Delayed 2 second(s)

2019-08-02 17:09:08 - [MESSAGE][PASSED] - Delayed 2 second(s)

2019-08-02 17:09:13 - [MESSAGE][PASSED] - Delayed 5 second(s)

2019-08-02 17:09:14 - [MESSAGE][PASSED] - Object: '' is clicked on

2019-08-02 17:09:14 - [MESSAGE][PASSED] - Text of object '' is: 'ZZ.pdf'

2019-08-02 17:09:19 - [MESSAGE][PASSED] - Delayed 5 second(s)

2019-08-02 17:09:19 - [MESSAGE][PASSED] - Object: '' is hovered

2019-08-02 17:09:21 - [MESSAGE][PASSED] - Delayed 2 second(s)

2019-08-02 17:09:26 - [MESSAGE][PASSED] - Delayed 5 second(s)

2019-08-02 17:09:28 - [MESSAGE][PASSED] - Delayed 2 second(s)

2019-08-02 17:09:29 - [MESSAGE][PASSED] - Delayed 1 second(s)

2019-08-02 17:09:29 - [MESSAGE][PASSED] - COO_1.pdf exist in G:/Sabareesh/Personal/USGBC_NewApproach1/USGBC_LEED/Include/TestData/DownloadedFiles and was deleted

2019-08-02 17:09:29 - [MESSAGE][PASSED] - 

2019-08-02 17:09:29 - [MESSAGE][PASSED] - Actual text 'COO_1.pdf' and expected text 'COO_1.pdf' are matched 

2019-08-02 17:09:31 - [MESSAGE][PASSED] - Delayed 2 second(s)

2019-08-02 17:09:33 - [MESSAGE][PASSED] - Delayed 2 second(s)

2019-08-02 17:09:34 - [MESSAGE][PASSED] - Delayed 1 second(s)

2019-08-02 17:09:34 - [MESSAGE][PASSED] - ZZ.pdf exist in G:/Sabareesh/Personal/USGBC_NewApproach1/USGBC_LEED/Include/TestData/DownloadedFiles and was deleted

2019-08-02 17:09:34 - [MESSAGE][PASSED] - 

2019-08-02 17:09:34 - [MESSAGE][PASSED] - Actual text 'ZZ.pdf' and expected text 'ZZ.pdf' are matched 

2019-08-02 17:09:36 - [MESSAGE][PASSED] - Delayed 2 second(s)

2019-08-02 17:09:38 - [MESSAGE][PASSED] - Delayed 2 second(s)

2019-08-02 17:09:43 - [MESSAGE][PASSED] - Delayed 5 second(s)

2019-08-02 17:09:43 - [MESSAGE][PASSED] - Object: '' is clicked on

2019-08-02 17:09:43 - [MESSAGE][PASSED] - Text of object '' is: 'COO_1.pdf'

2019-08-02 17:09:48 - [MESSAGE][PASSED] - Delayed 5 second(s)

2019-08-02 17:09:48 - [MESSAGE][PASSED] - Object: '' is hovered

2019-08-02 17:09:50 - [MESSAGE][PASSED] - Delayed 2 second(s)

2019-08-02 17:09:52 - [MESSAGE][PASSED] - Delayed 2 second(s)

2019-08-02 17:09:57 - [MESSAGE][PASSED] - Delayed 5 second(s)

2019-08-02 17:09:57 - [MESSAGE][PASSED] - Object: '' is clicked on

2019-08-02 17:09:57 - [MESSAGE][PASSED] - Text of object '' is: 'ZZ.pdf'

2019-08-02 17:10:02 - [MESSAGE][PASSED] - Delayed 5 second(s)

2019-08-02 17:10:03 - [MESSAGE][PASSED] - Object: '' is hovered

2019-08-02 17:10:05 - [MESSAGE][PASSED] - Delayed 2 second(s)

2019-08-02 17:10:10 - [MESSAGE][PASSED] - Delayed 5 second(s)

2019-08-02 17:10:12 - [MESSAGE][PASSED] - Delayed 2 second(s)

2019-08-02 17:10:13 - [MESSAGE][PASSED] - Delayed 1 second(s)

2019-08-02 17:10:13 - [MESSAGE][PASSED] - COO_1.pdf exist in G:/Sabareesh/Personal/USGBC_NewApproach1/USGBC_LEED/Include/TestData/DownloadedFiles and was deleted

2019-08-02 17:10:13 - [MESSAGE][PASSED] - 

2019-08-02 17:10:13 - [MESSAGE][PASSED] - Actual text 'COO_1.pdf' and expected text 'COO_1.pdf' are matched 

2019-08-02 17:10:15 - [MESSAGE][PASSED] - Delayed 2 second(s)

2019-08-02 17:10:17 - [MESSAGE][PASSED] - Delayed 2 second(s)

2019-08-02 17:10:18 - [MESSAGE][PASSED] - Delayed 1 second(s)

2019-08-02 17:10:18 - [MESSAGE][PASSED] - ZZ.pdf exist in G:/Sabareesh/Personal/USGBC_NewApproach1/USGBC_LEED/Include/TestData/DownloadedFiles and was deleted

2019-08-02 17:10:18 - [MESSAGE][PASSED] - 

2019-08-02 17:10:18 - [MESSAGE][PASSED] - Actual text 'ZZ.pdf' and expected text 'ZZ.pdf' are matched 

2019-08-02 17:10:20 - [MESSAGE][PASSED] - Delayed 2 second(s)

2019-08-02 17:10:20 - [MESSAGE][PASSED] - Object: '' is clicked on

2019-08-02 17:10:22 - [MESSAGE][PASSED] - Delayed 2 second(s)

2019-08-02 17:10:22 - [MESSAGE][PASSED] - Object: '' is clicked on

2019-08-02 17:10:25 - [MESSAGE][PASSED] - Delayed 3 second(s)

2019-08-02 17:10:25 - [MESSAGE][PASSED] - Object '' is present

2019-08-02 17:10:27 - [MESSAGE][PASSED] - Delayed 2 second(s)

2019-08-02 17:10:32 - [MESSAGE][PASSED] - Delayed 5 second(s)

2019-08-02 17:10:32 - [MESSAGE][PASSED] - Object: '' is clicked on

2019-08-02 17:10:34 - [MESSAGE][PASSED] - Delayed 2 second(s)

2019-08-02 17:10:34 - [MESSAGE][PASSED] - Object: '' is clicked on

2019-08-02 17:10:36 - [MESSAGE][PASSED] - Delayed 2 second(s)

2019-08-02 17:10:38 - [MESSAGE][PASSED] - Delayed 2 second(s)

2019-08-02 17:10:44 - [MESSAGE][PASSED] - Delayed 5 second(s)

2019-08-02 17:10:44 - [MESSAGE][PASSED] - Object: '' is clicked on

2019-08-02 17:10:46 - [MESSAGE][PASSED] - Delayed 2 second(s)

2019-08-02 17:10:46 - [MESSAGE][PASSED] - Object: '' is clicked on

2019-08-02 17:10:48 - [MESSAGE][PASSED] - Delayed 2 second(s)

2019-08-02 17:10:53 - [MESSAGE][PASSED] - Delayed 5 second(s)

2019-08-02 17:10:53 - [MESSAGE][PASSED] - Web element with id: '' located by 'By.xpath: (//table[@class='ui collapsing celled table unstackable'])[2]' is not present after '2' second(s)

2019-08-02 17:10:55 - [MESSAGE][PASSED] - Delayed 2 second(s)

2019-08-02 17:11:00 - [MESSAGE][PASSED] - Delayed 5 second(s)

2019-08-02 17:11:00 - [MESSAGE][PASSED] - Object: '' is clicked on

2019-08-02 17:11:02 - [MESSAGE][PASSED] - Delayed 2 second(s)

2019-08-02 17:11:02 - [MESSAGE][PASSED] - Object: '' is clicked on

2019-08-02 17:11:04 - [MESSAGE][PASSED] - Delayed 2 second(s)

2019-08-02 17:11:06 - [MESSAGE][PASSED] - Delayed 2 second(s)

2019-08-02 17:11:11 - [MESSAGE][PASSED] - Delayed 5 second(s)

2019-08-02 17:11:11 - [MESSAGE][PASSED] - Object: '' is clicked on

2019-08-02 17:11:13 - [MESSAGE][PASSED] - Delayed 2 second(s)

2019-08-02 17:11:13 - [MESSAGE][PASSED] - Object: '' is clicked on

2019-08-02 17:11:15 - [MESSAGE][PASSED] - Delayed 2 second(s)

2019-08-02 17:11:20 - [MESSAGE][PASSED] - Delayed 5 second(s)

2019-08-02 17:11:20 - [MESSAGE][PASSED] - Web element with id: '' located by 'By.xpath: (//table[@class='ui collapsing celled table unstackable'])[1]' is not present after '2' second(s)

2019-08-02 17:11:21 - [TEST_CASE][PASSED] - Test Cases/TC_Login: Test Cases/TC_Login

2019-08-02 17:11:21 - [TEST_STEP][PASSED] - runWithCucumberRunner(common.LoginRunner): Run with 'common.LoginRunner' was passed

2019-08-02 17:11:21 - [MESSAGE][WARNING] - A browser is already opened. Closing browser and opening a new one

2019-08-02 17:11:21 - [MESSAGE][INFO] - Starting 'Chrome (headless)' driver

2019-08-02 17:11:24 - [MESSAGE][PASSED] - Browser is opened with url: ''

2019-08-02 17:11:25 - [MESSAGE][PASSED] - Current window maximized

2019-08-02 17:11:27 - [MESSAGE][PASSED] - Navigate to 'https://leedonline-stg.usgbc.org' successfully

2019-08-02 17:11:27 - [MESSAGE][PASSED] - Text 'automationbdd9@gmail.com' is set on object ''

2019-08-02 17:11:27 - [MESSAGE][PASSED] - Text 'initpass' is set on object ''

2019-08-02 17:11:30 - [MESSAGE][PASSED] - Delayed 3 second(s)

2019-08-02 17:11:31 - [MESSAGE][PASSED] - Scroll to object '' successfully

2019-08-02 17:11:31 - [MESSAGE][PASSED] - Object '' is checked

2019-08-02 17:11:35 - [MESSAGE][PASSED] - Delayed 4 second(s)

2019-08-02 17:11:35 - [MESSAGE][PASSED] - The form containing object: '' is submitted

2019-08-02 17:11:35 - [MESSAGE][PASSED] - Run with 'common.LoginRunner' was passed

2019-08-02 17:11:35 - [MESSAGE][PASSED] - Call Test Case 'Test Cases/TC_Login' successfully

2019-08-02 17:11:39 - [MESSAGE][PASSED] - Object: '' is clicked on

2019-08-02 17:11:40 - [MESSAGE][PASSED] - Object: '' is clicked on

2019-08-02 17:11:42 - [MESSAGE][PASSED] - Delayed 2 second(s)

2019-08-02 17:11:43 - [MESSAGE][PASSED] - Text of object '' is: 'READY FOR REVIEW'

2019-08-02 17:11:43 - [MESSAGE][PASSED] - Object: '' is clicked on

2019-08-02 17:11:48 - [MESSAGE][PASSED] - Delayed 5 second(s)

2019-08-02 17:11:51 - [MESSAGE][PASSED] - Delayed 3 second(s)

2019-08-02 17:11:53 - [MESSAGE][PASSED] - Delayed 2 second(s)

2019-08-02 17:11:53 - [MESSAGE][PASSED] - Object: '' is clicked on

2019-08-02 17:11:53 - [MESSAGE][PASSED] - Text of object '' is: 'Green Cleaning Policy'

2019-08-02 17:11:56 - [MESSAGE][PASSED] - Delayed 3 second(s)

2019-08-02 17:11:59 - [MESSAGE][PASSED] - Object: '' is clicked on

2019-08-02 17:12:04 - [MESSAGE][PASSED] - Delayed 5 second(s)

2019-08-02 17:12:04 - [MESSAGE][PASSED] - Text of object '' is: 'Green Cleaning Policy'

2019-08-02 17:12:04 - [MESSAGE][PASSED] - Actual text 'Green Cleaning Policy' and expected text 'Green Cleaning Policy' are matched 

2019-08-02 17:12:05 - [MESSAGE][PASSED] - Text '(V01)' is present on page 

2019-08-02 17:12:05 - [MESSAGE][PASSED] - Object: '' is clicked on

2019-08-02 17:12:05 - [MESSAGE][PASSED] - Object '' has attribute 'class' with value 'tiny ui button'

2019-08-02 17:12:12 - [MESSAGE][PASSED] - Delayed 7 second(s)

2019-08-02 17:12:12 - [MESSAGE][PASSED] - File 'G:\Sabareesh\Personal\USGBC_NewApproach1\USGBC_LEED\Include\TestData\FilesToUpload\COO_1.pdf' sent to object: ''

2019-08-02 17:12:12 - [MESSAGE][PASSED] - Object '' has attribute 'class' with value 'tiny ui button'

2019-08-02 17:12:19 - [MESSAGE][PASSED] - Delayed 7 second(s)

2019-08-02 17:12:19 - [MESSAGE][PASSED] - File 'G:\Sabareesh\Personal\USGBC_NewApproach1\USGBC_LEED\Include\TestData\FilesToUpload\ZZ.pdf' sent to object: ''

2019-08-02 17:12:22 - [MESSAGE][PASSED] - Delayed 3 second(s)

2019-08-02 17:12:22 - [MESSAGE][PASSED] - Object '' has attribute 'class' with value 'tiny ui button'

2019-08-02 17:12:29 - [MESSAGE][PASSED] - Delayed 7 second(s)

2019-08-02 17:12:29 - [MESSAGE][PASSED] - File 'G:\Sabareesh\Personal\USGBC_NewApproach1\USGBC_LEED\Include\TestData\FilesToUpload\COO_1.pdf' sent to object: ''

2019-08-02 17:12:29 - [MESSAGE][PASSED] - Object '' has attribute 'class' with value 'tiny ui button'

2019-08-02 17:12:36 - [MESSAGE][PASSED] - Delayed 7 second(s)

2019-08-02 17:12:37 - [MESSAGE][PASSED] - File 'G:\Sabareesh\Personal\USGBC_NewApproach1\USGBC_LEED\Include\TestData\FilesToUpload\ZZ.pdf' sent to object: ''

2019-08-02 17:12:40 - [MESSAGE][PASSED] - Delayed 3 second(s)

2019-08-02 17:12:40 - [MESSAGE][PASSED] - Object '' has attribute 'class' with value 'tiny ui button'

2019-08-02 17:12:47 - [MESSAGE][PASSED] - Delayed 7 second(s)

2019-08-02 17:12:47 - [MESSAGE][PASSED] - File 'G:\Sabareesh\Personal\USGBC_NewApproach1\USGBC_LEED\Include\TestData\FilesToUpload\COO_1.pdf' sent to object: ''

2019-08-02 17:12:47 - [MESSAGE][PASSED] - Object '' has attribute 'class' with value 'tiny ui button'

2019-08-02 17:12:54 - [MESSAGE][PASSED] - Delayed 7 second(s)

2019-08-02 17:12:54 - [MESSAGE][PASSED] - File 'G:\Sabareesh\Personal\USGBC_NewApproach1\USGBC_LEED\Include\TestData\FilesToUpload\ZZ.pdf' sent to object: ''

2019-08-02 17:12:57 - [MESSAGE][PASSED] - Delayed 3 second(s)

2019-08-02 17:12:57 - [MESSAGE][PASSED] - Text 'Filling the Text Box' is set on object ''

2019-08-02 17:12:59 - [MESSAGE][PASSED] - Delayed 2 second(s)

2019-08-02 17:12:59 - [MESSAGE][PASSED] - Attribute 'value' of object '' is: 'Filling the Text Box'

2019-08-02 17:12:59 - [MESSAGE][PASSED] - Actual text 'Filling the Text Box' and expected text 'Filling the Text Box' are matched 

2019-08-02 17:12:59 - [MESSAGE][PASSED] - Text of object '' is: 'ZZ.pdf'

2019-08-02 17:13:01 - [MESSAGE][PASSED] - Delayed 2 second(s)

2019-08-02 17:13:03 - [MESSAGE][PASSED] - Delayed 2 second(s)

2019-08-02 17:13:03 - [MESSAGE][PASSED] - ZZ.pdf is equal to ZZ.pdf

2019-08-02 17:13:03 - [MESSAGE][PASSED] - Actual text 'ZZ.pdf' and expected text 'ZZ.pdf' are matched 

2019-08-02 17:13:03 - [MESSAGE][PASSED] - Text of object '' is: 'COO_1.pdf'

2019-08-02 17:13:05 - [MESSAGE][PASSED] - Delayed 2 second(s)

2019-08-02 17:13:05 - [MESSAGE][PASSED] - COO_1.pdf is equal to COO_1.pdf

2019-08-02 17:13:05 - [MESSAGE][PASSED] - Actual text 'COO_1.pdf' and expected text 'COO_1.pdf' are matched 

2019-08-02 17:13:06 - [MESSAGE][PASSED] - Text of object '' is: 'ZZ.pdf'

2019-08-02 17:13:08 - [MESSAGE][PASSED] - Delayed 2 second(s)

2019-08-02 17:13:10 - [MESSAGE][PASSED] - Delayed 2 second(s)

2019-08-02 17:13:10 - [MESSAGE][PASSED] - ZZ.pdf is equal to ZZ.pdf

2019-08-02 17:13:10 - [MESSAGE][PASSED] - Actual text 'ZZ.pdf' and expected text 'ZZ.pdf' are matched 

2019-08-02 17:13:10 - [MESSAGE][PASSED] - Text of object '' is: 'COO_1.pdf'

2019-08-02 17:13:12 - [MESSAGE][PASSED] - Delayed 2 second(s)

2019-08-02 17:13:12 - [MESSAGE][PASSED] - COO_1.pdf is equal to COO_1.pdf

2019-08-02 17:13:12 - [MESSAGE][PASSED] - Actual text 'COO_1.pdf' and expected text 'COO_1.pdf' are matched 

2019-08-02 17:13:12 - [MESSAGE][PASSED] - Text of object '' is: 'COO_1.pdf'

2019-08-02 17:13:14 - [MESSAGE][PASSED] - Delayed 2 second(s)

2019-08-02 17:13:14 - [MESSAGE][PASSED] - COO_1.pdf is equal to COO_1.pdf

2019-08-02 17:13:14 - [MESSAGE][PASSED] - Actual text 'COO_1.pdf' and expected text 'COO_1.pdf' are matched 

2019-08-02 17:13:14 - [MESSAGE][PASSED] - Text of object '' is: 'ZZ.pdf'

2019-08-02 17:13:16 - [MESSAGE][PASSED] - Delayed 2 second(s)

2019-08-02 17:13:18 - [MESSAGE][PASSED] - Delayed 2 second(s)

2019-08-02 17:13:18 - [MESSAGE][PASSED] - ZZ.pdf is equal to ZZ.pdf

2019-08-02 17:13:18 - [MESSAGE][PASSED] - Actual text 'ZZ.pdf' and expected text 'ZZ.pdf' are matched 

2019-08-02 17:13:20 - [MESSAGE][PASSED] - Text 'Known that everybody have the personal aim. It is defferent . For example, there are some people think that the most important thing in them life is career. While there are other people think that is family. me too. The most important thing with my life is my small and big family.4HHO7' is set on object ''

2019-08-02 17:13:22 - [MESSAGE][PASSED] - Delayed 2 second(s)

2019-08-02 17:13:22 - [MESSAGE][PASSED] - Text of object '' is: 'Known that everybody have the personal aim. It is defferent . For example, there are some people think that the most important thing in them life is career. While there are other people think that is family. me too. The most important thing with my life is my small and big family.4HHO7'

2019-08-02 17:13:22 - [MESSAGE][PASSED] - Actual text 'Known that everybody have the personal aim. It is defferent . For example, there are some people think that the most important thing in them life is career. While there are other people think that is family. me too. The most important thing with my life is my small and big family.4HHO7' and expected text 'Known that everybody have the personal aim. It is defferent . For example, there are some people think that the most important thing in them life is career. While there are other people think that is family. me too. The most important thing with my life is my small and big family.4HHO7' are matched 

2019-08-02 17:13:24 - [MESSAGE][PASSED] - Text 'Known that everybody have the personal aim. It is defferent . For example, there are some people think that the most important thing in them life is career. While there are other people think that is family. me too. The most important thing with my life is my small and big family.4HHO7' is set on object ''

2019-08-02 17:13:26 - [MESSAGE][PASSED] - Delayed 2 second(s)

2019-08-02 17:13:26 - [MESSAGE][PASSED] - Text of object '' is: 'Known that everybody have the personal aim. It is defferent . For example, there are some people think that the most important thing in them life is career. While there are other people think that is family. me too. The most important thing with my life is my small and big family.4HHO7'

2019-08-02 17:13:26 - [MESSAGE][PASSED] - Actual text 'Known that everybody have the personal aim. It is defferent . For example, there are some people think that the most important thing in them life is career. While there are other people think that is family. me too. The most important thing with my life is my small and big family.4HHO7' and expected text 'Known that everybody have the personal aim. It is defferent . For example, there are some people think that the most important thing in them life is career. While there are other people think that is family. me too. The most important thing with my life is my small and big family.4HHO7' are matched 

2019-08-02 17:13:26 - [MESSAGE][PASSED] - Object: '' is clicked on

2019-08-02 17:13:30 - [MESSAGE][PASSED] - Delayed 4 second(s)

2019-08-02 17:13:30 - [MESSAGE][PASSED] - Text 'Form data saved successfully.' is present on page 

2019-08-02 17:13:36 - [MESSAGE][PASSED] - Delayed 6 second(s)

2019-08-02 17:13:38 - [MESSAGE][PASSED] - Delayed 2 second(s)

2019-08-02 17:13:38 - [MESSAGE][PASSED] - Object '' is present

2019-08-02 17:13:38 - [MESSAGE][PASSED] - Object: '' is clicked on

2019-08-02 17:13:48 - [MESSAGE][PASSED] - Delayed 10 second(s)

2019-08-02 17:13:54 - [MESSAGE][PASSED] - Delayed 6 second(s)

2019-08-02 17:13:54 - [MESSAGE][PASSED] - Text of object '' is: 'Known that everybody have the personal aim. It is defferent . For example, there are some people think that the most important thing in them life is career. While there are other people think that is family. me too. The most important thing with my life is my small and big family.4HHO7'

2019-08-02 17:13:54 - [MESSAGE][PASSED] - Actual text 'Found' and expected text 'Found' are matched 

2019-08-02 17:13:55 - [MESSAGE][PASSED] - Text of object '' is: 'Known that everybody have the personal aim. It is defferent . For example, there are some people think that the most important thing in them life is career. While there are other people think that is family. me too. The most important thing with my life is my small and big family.4HHO7'

2019-08-02 17:13:55 - [MESSAGE][PASSED] - Text of object '' is: 'Known that everybody have the personal aim. It is defferent . For example, there are some people think that the most important thing in them life is career. While there are other people think that is family. me too. The most important thing with my life is my small and big family.4HHO7'

2019-08-02 17:13:55 - [MESSAGE][PASSED] - Actual text 'Found' and expected text 'Found' are matched 

2019-08-02 17:13:55 - [MESSAGE][PASSED] - Actual text 'Found' and expected text 'Found' are matched 

2019-08-02 17:13:55 - [MESSAGE][PASSED] - Actual text 'Found' and expected text 'Found' are matched 

2019-08-02 17:13:55 - [MESSAGE][PASSED] - Actual text 'Found' and expected text 'Found' are matched 

2019-08-02 17:13:56 - [MESSAGE][PASSED] - Navigate back successfully

2019-08-02 17:13:58 - [MESSAGE][PASSED] - Delayed 2 second(s)

2019-08-02 17:13:59 - [MESSAGE][PASSED] - Object: '' is clicked on

2019-08-02 17:14:04 - [MESSAGE][PASSED] - Delayed 5 second(s)

2019-08-02 17:14:06 - [MESSAGE][PASSED] - Delayed 2 second(s)

2019-08-02 17:14:07 - [MESSAGE][PASSED] - Navigate forward successfully

2019-08-02 17:14:09 - [MESSAGE][PASSED] - Delayed 2 second(s)

2019-08-02 17:14:14 - [MESSAGE][PASSED] - Delayed 5 second(s)

2019-08-02 17:14:14 - [MESSAGE][PASSED] - Object: '' is clicked on

2019-08-02 17:14:14 - [MESSAGE][PASSED] - Text of object '' is: 'COO_1.pdf'

2019-08-02 17:14:19 - [MESSAGE][PASSED] - Delayed 5 second(s)

2019-08-02 17:14:19 - [MESSAGE][PASSED] - Object: '' is hovered

2019-08-02 17:14:21 - [MESSAGE][PASSED] - Delayed 2 second(s)

2019-08-02 17:14:23 - [MESSAGE][PASSED] - Delayed 2 second(s)

2019-08-02 17:14:28 - [MESSAGE][PASSED] - Delayed 5 second(s)

2019-08-02 17:14:28 - [MESSAGE][PASSED] - Object: '' is clicked on

2019-08-02 17:14:29 - [MESSAGE][PASSED] - Text of object '' is: 'ZZ.pdf'

2019-08-02 17:14:34 - [MESSAGE][PASSED] - Delayed 5 second(s)

2019-08-02 17:14:34 - [MESSAGE][PASSED] - Object: '' is hovered

2019-08-02 17:14:36 - [MESSAGE][PASSED] - Delayed 2 second(s)

2019-08-02 17:14:41 - [MESSAGE][PASSED] - Delayed 5 second(s)

2019-08-02 17:14:43 - [MESSAGE][PASSED] - Delayed 2 second(s)

2019-08-02 17:14:44 - [MESSAGE][PASSED] - Delayed 1 second(s)

2019-08-02 17:14:44 - [MESSAGE][PASSED] - COO_1.pdf exist in G:/Sabareesh/Personal/USGBC_NewApproach1/USGBC_LEED/Include/TestData/DownloadedFiles and was deleted

2019-08-02 17:14:44 - [MESSAGE][PASSED] - 

2019-08-02 17:14:44 - [MESSAGE][PASSED] - Actual text 'COO_1.pdf' and expected text 'COO_1.pdf' are matched 

2019-08-02 17:14:46 - [MESSAGE][PASSED] - Delayed 2 second(s)

2019-08-02 17:14:48 - [MESSAGE][PASSED] - Delayed 2 second(s)

2019-08-02 17:14:49 - [MESSAGE][PASSED] - Delayed 1 second(s)

2019-08-02 17:14:49 - [MESSAGE][PASSED] - ZZ.pdf exist in G:/Sabareesh/Personal/USGBC_NewApproach1/USGBC_LEED/Include/TestData/DownloadedFiles and was deleted

2019-08-02 17:14:49 - [MESSAGE][PASSED] - 

2019-08-02 17:14:49 - [MESSAGE][PASSED] - Actual text 'ZZ.pdf' and expected text 'ZZ.pdf' are matched 

2019-08-02 17:14:51 - [MESSAGE][PASSED] - Delayed 2 second(s)

2019-08-02 17:14:53 - [MESSAGE][PASSED] - Delayed 2 second(s)

2019-08-02 17:14:58 - [MESSAGE][PASSED] - Delayed 5 second(s)

2019-08-02 17:14:58 - [MESSAGE][PASSED] - Object: '' is clicked on

2019-08-02 17:14:58 - [MESSAGE][PASSED] - Text of object '' is: 'COO_1.pdf'

2019-08-02 17:15:03 - [MESSAGE][PASSED] - Delayed 5 second(s)

2019-08-02 17:15:03 - [MESSAGE][PASSED] - Object: '' is hovered

2019-08-02 17:15:05 - [MESSAGE][PASSED] - Delayed 2 second(s)

2019-08-02 17:15:07 - [MESSAGE][PASSED] - Delayed 2 second(s)

2019-08-02 17:15:12 - [MESSAGE][PASSED] - Delayed 5 second(s)

2019-08-02 17:15:12 - [MESSAGE][PASSED] - Object: '' is clicked on

2019-08-02 17:15:12 - [MESSAGE][PASSED] - Text of object '' is: 'ZZ.pdf'

2019-08-02 17:15:17 - [MESSAGE][PASSED] - Delayed 5 second(s)

2019-08-02 17:15:17 - [MESSAGE][PASSED] - Object: '' is hovered

2019-08-02 17:15:19 - [MESSAGE][PASSED] - Delayed 2 second(s)

2019-08-02 17:15:24 - [MESSAGE][PASSED] - Delayed 5 second(s)

2019-08-02 17:15:26 - [MESSAGE][PASSED] - Delayed 2 second(s)

2019-08-02 17:15:27 - [MESSAGE][PASSED] - Delayed 1 second(s)

2019-08-02 17:15:27 - [MESSAGE][PASSED] - COO_1.pdf exist in G:/Sabareesh/Personal/USGBC_NewApproach1/USGBC_LEED/Include/TestData/DownloadedFiles and was deleted

2019-08-02 17:15:27 - [MESSAGE][PASSED] - 

2019-08-02 17:15:27 - [MESSAGE][PASSED] - Actual text 'COO_1.pdf' and expected text 'COO_1.pdf' are matched 

2019-08-02 17:15:29 - [MESSAGE][PASSED] - Delayed 2 second(s)

2019-08-02 17:15:31 - [MESSAGE][PASSED] - Delayed 2 second(s)

2019-08-02 17:15:32 - [MESSAGE][PASSED] - Delayed 1 second(s)

2019-08-02 17:15:32 - [MESSAGE][PASSED] - ZZ.pdf exist in G:/Sabareesh/Personal/USGBC_NewApproach1/USGBC_LEED/Include/TestData/DownloadedFiles and was deleted

2019-08-02 17:15:32 - [MESSAGE][PASSED] - 

2019-08-02 17:15:32 - [MESSAGE][PASSED] - Actual text 'ZZ.pdf' and expected text 'ZZ.pdf' are matched 

2019-08-02 17:15:34 - [MESSAGE][PASSED] - Delayed 2 second(s)

2019-08-02 17:15:37 - [MESSAGE][PASSED] - Delayed 2 second(s)

2019-08-02 17:15:42 - [MESSAGE][PASSED] - Delayed 5 second(s)

2019-08-02 17:15:42 - [MESSAGE][PASSED] - Object: '' is clicked on

2019-08-02 17:15:42 - [MESSAGE][PASSED] - Text of object '' is: 'ZZ.pdf'

2019-08-02 17:15:47 - [MESSAGE][PASSED] - Delayed 5 second(s)

2019-08-02 17:15:47 - [MESSAGE][PASSED] - Object: '' is hovered

2019-08-02 17:15:49 - [MESSAGE][PASSED] - Delayed 2 second(s)

2019-08-02 17:15:51 - [MESSAGE][PASSED] - Delayed 2 second(s)

2019-08-02 17:15:56 - [MESSAGE][PASSED] - Delayed 5 second(s)

2019-08-02 17:15:56 - [MESSAGE][PASSED] - Object: '' is clicked on

2019-08-02 17:15:56 - [MESSAGE][PASSED] - Text of object '' is: 'COO_1.pdf'

2019-08-02 17:16:01 - [MESSAGE][PASSED] - Delayed 5 second(s)

2019-08-02 17:16:01 - [MESSAGE][PASSED] - Object: '' is hovered

2019-08-02 17:16:03 - [MESSAGE][PASSED] - Delayed 2 second(s)

2019-08-02 17:16:08 - [MESSAGE][PASSED] - Delayed 5 second(s)

2019-08-02 17:16:10 - [MESSAGE][PASSED] - Delayed 2 second(s)

2019-08-02 17:16:11 - [MESSAGE][PASSED] - Delayed 1 second(s)

2019-08-02 17:16:11 - [MESSAGE][PASSED] - COO_1.pdf exist in G:/Sabareesh/Personal/USGBC_NewApproach1/USGBC_LEED/Include/TestData/DownloadedFiles and was deleted

2019-08-02 17:16:11 - [MESSAGE][PASSED] - 

2019-08-02 17:16:11 - [MESSAGE][PASSED] - Actual text 'COO_1.pdf' and expected text 'COO_1.pdf' are matched 

2019-08-02 17:16:13 - [MESSAGE][PASSED] - Delayed 2 second(s)

2019-08-02 17:16:15 - [MESSAGE][PASSED] - Delayed 2 second(s)

2019-08-02 17:16:16 - [MESSAGE][PASSED] - Delayed 1 second(s)

2019-08-02 17:16:16 - [MESSAGE][PASSED] - ZZ.pdf exist in G:/Sabareesh/Personal/USGBC_NewApproach1/USGBC_LEED/Include/TestData/DownloadedFiles and was deleted

2019-08-02 17:16:16 - [MESSAGE][PASSED] - 

2019-08-02 17:16:16 - [MESSAGE][PASSED] - Actual text 'ZZ.pdf' and expected text 'ZZ.pdf' are matched 

2019-08-02 17:16:18 - [MESSAGE][PASSED] - Delayed 2 second(s)

2019-08-02 17:16:18 - [MESSAGE][PASSED] - Object: '' is clicked on

2019-08-02 17:16:20 - [MESSAGE][PASSED] - Delayed 2 second(s)

2019-08-02 17:16:20 - [MESSAGE][PASSED] - Object: '' is clicked on

2019-08-02 17:16:23 - [MESSAGE][PASSED] - Delayed 3 second(s)

2019-08-02 17:16:23 - [MESSAGE][PASSED] - Object '' is present

2019-08-02 17:16:26 - [MESSAGE][PASSED] - Delayed 2 second(s)

2019-08-02 17:16:31 - [MESSAGE][PASSED] - Delayed 5 second(s)

2019-08-02 17:16:31 - [MESSAGE][PASSED] - Object: '' is clicked on

2019-08-02 17:16:33 - [MESSAGE][PASSED] - Delayed 2 second(s)

2019-08-02 17:16:33 - [MESSAGE][PASSED] - Object: '' is clicked on

2019-08-02 17:16:35 - [MESSAGE][PASSED] - Delayed 2 second(s)

2019-08-02 17:16:37 - [MESSAGE][PASSED] - Delayed 2 second(s)

2019-08-02 17:16:42 - [MESSAGE][PASSED] - Delayed 5 second(s)

2019-08-02 17:16:42 - [MESSAGE][PASSED] - Object: '' is clicked on

2019-08-02 17:16:44 - [MESSAGE][PASSED] - Delayed 2 second(s)

2019-08-02 17:16:44 - [MESSAGE][PASSED] - Object: '' is clicked on

2019-08-02 17:16:46 - [MESSAGE][PASSED] - Delayed 2 second(s)

2019-08-02 17:16:51 - [MESSAGE][PASSED] - Delayed 5 second(s)

2019-08-02 17:16:51 - [MESSAGE][PASSED] - Web element with id: '' located by 'By.xpath: (//table[@class='ui collapsing celled table unstackable'])[3]' is not present after '2' second(s)

2019-08-02 17:16:53 - [MESSAGE][PASSED] - Delayed 2 second(s)

2019-08-02 17:16:58 - [MESSAGE][PASSED] - Delayed 5 second(s)

2019-08-02 17:16:59 - [MESSAGE][PASSED] - Object: '' is clicked on

2019-08-02 17:17:01 - [MESSAGE][PASSED] - Delayed 2 second(s)

2019-08-02 17:17:01 - [MESSAGE][PASSED] - Object: '' is clicked on

2019-08-02 17:17:03 - [MESSAGE][PASSED] - Delayed 2 second(s)

2019-08-02 17:17:05 - [MESSAGE][PASSED] - Delayed 2 second(s)

2019-08-02 17:17:10 - [MESSAGE][PASSED] - Delayed 5 second(s)

2019-08-02 17:17:10 - [MESSAGE][PASSED] - Object: '' is clicked on

2019-08-02 17:17:12 - [MESSAGE][PASSED] - Delayed 2 second(s)

2019-08-02 17:17:12 - [MESSAGE][PASSED] - Object: '' is clicked on

2019-08-02 17:17:14 - [MESSAGE][PASSED] - Delayed 2 second(s)

2019-08-02 17:17:19 - [MESSAGE][PASSED] - Delayed 5 second(s)

2019-08-02 17:17:19 - [MESSAGE][PASSED] - Web element with id: '' located by 'By.xpath: (//table[@class='ui collapsing celled table unstackable'])[2]' is not present after '2' second(s)

2019-08-02 17:17:21 - [MESSAGE][PASSED] - Delayed 2 second(s)

2019-08-02 17:17:26 - [MESSAGE][PASSED] - Delayed 5 second(s)

2019-08-02 17:17:26 - [MESSAGE][PASSED] - Object: '' is clicked on

2019-08-02 17:17:28 - [MESSAGE][PASSED] - Delayed 2 second(s)

2019-08-02 17:17:28 - [MESSAGE][PASSED] - Object: '' is clicked on

2019-08-02 17:17:30 - [MESSAGE][PASSED] - Delayed 2 second(s)

2019-08-02 17:17:32 - [MESSAGE][PASSED] - Delayed 2 second(s)

2019-08-02 17:17:38 - [MESSAGE][PASSED] - Delayed 5 second(s)

2019-08-02 17:17:38 - [MESSAGE][PASSED] - Object: '' is clicked on

2019-08-02 17:17:40 - [MESSAGE][PASSED] - Delayed 2 second(s)

2019-08-02 17:17:40 - [MESSAGE][PASSED] - Object: '' is clicked on

2019-08-02 17:17:42 - [MESSAGE][PASSED] - Delayed 2 second(s)

2019-08-02 17:17:47 - [MESSAGE][PASSED] - Delayed 5 second(s)

2019-08-02 17:17:47 - [MESSAGE][PASSED] - Web element with id: '' located by 'By.xpath: (//table[@class='ui collapsing celled table unstackable'])[1]' is not present after '2' second(s)

2019-08-02 17:17:47 - [TEST_CASE][PASSED] - Test Cases/TC_Login: Test Cases/TC_Login

2019-08-02 17:17:47 - [TEST_STEP][PASSED] - runWithCucumberRunner(common.LoginRunner): Run with 'common.LoginRunner' was passed

2019-08-02 17:17:47 - [MESSAGE][WARNING] - A browser is already opened. Closing browser and opening a new one

2019-08-02 17:17:48 - [MESSAGE][INFO] - Starting 'Chrome (headless)' driver

2019-08-02 17:17:50 - [MESSAGE][PASSED] - Browser is opened with url: ''

2019-08-02 17:17:51 - [MESSAGE][PASSED] - Current window maximized

2019-08-02 17:17:53 - [MESSAGE][PASSED] - Navigate to 'https://leedonline-stg.usgbc.org' successfully

2019-08-02 17:17:54 - [MESSAGE][PASSED] - Text 'automationbdd9@gmail.com' is set on object ''

2019-08-02 17:17:54 - [MESSAGE][PASSED] - Text 'initpass' is set on object ''

2019-08-02 17:17:57 - [MESSAGE][PASSED] - Delayed 3 second(s)

2019-08-02 17:17:57 - [MESSAGE][PASSED] - Scroll to object '' successfully

2019-08-02 17:17:57 - [MESSAGE][PASSED] - Object '' is checked

2019-08-02 17:18:01 - [MESSAGE][PASSED] - Delayed 4 second(s)

2019-08-02 17:18:01 - [MESSAGE][PASSED] - The form containing object: '' is submitted

2019-08-02 17:18:01 - [MESSAGE][PASSED] - Run with 'common.LoginRunner' was passed

2019-08-02 17:18:01 - [MESSAGE][PASSED] - Call Test Case 'Test Cases/TC_Login' successfully

2019-08-02 17:18:09 - [MESSAGE][PASSED] - Object: '' is clicked on

2019-08-02 17:18:10 - [MESSAGE][PASSED] - Object: '' is clicked on

2019-08-02 17:18:12 - [MESSAGE][PASSED] - Delayed 2 second(s)

2019-08-02 17:18:13 - [MESSAGE][PASSED] - Text of object '' is: 'READY FOR REVIEW'

2019-08-02 17:18:13 - [MESSAGE][PASSED] - Object: '' is clicked on

2019-08-02 17:18:18 - [MESSAGE][PASSED] - Delayed 5 second(s)

2019-08-02 17:18:21 - [MESSAGE][PASSED] - Delayed 3 second(s)

2019-08-02 17:18:23 - [MESSAGE][PASSED] - Delayed 2 second(s)

2019-08-02 17:18:23 - [MESSAGE][PASSED] - Object: '' is clicked on

2019-08-02 17:18:23 - [MESSAGE][PASSED] - Text of object '' is: 'Green Cleaning Policy'

2019-08-02 17:18:26 - [MESSAGE][PASSED] - Delayed 3 second(s)

2019-08-02 17:18:29 - [MESSAGE][PASSED] - Object: '' is clicked on

2019-08-02 17:18:34 - [MESSAGE][PASSED] - Delayed 5 second(s)

2019-08-02 17:18:34 - [MESSAGE][PASSED] - Object: '' is clicked on

2019-08-02 17:18:44 - [MESSAGE][PASSED] - Delayed 10 second(s)

2019-08-02 17:18:45 - [MESSAGE][PASSED] - Object '' is present

2019-08-02 17:18:45 - [MESSAGE][PASSED] - Text of object '' is: 'Last draft saved on: 02 Aug 2019 05:18:39 PM  Clear draft'

2019-08-02 17:18:45 - [MESSAGE][PASSED] - Text 'Because I see the mind is the most important.1PDXR' is set on object ''

2019-08-02 17:18:47 - [MESSAGE][PASSED] - Delayed 2 second(s)

2019-08-02 17:18:47 - [MESSAGE][PASSED] - Text of object '' is: 'Because I see the mind is the most important.1PDXR'

2019-08-02 17:18:47 - [MESSAGE][PASSED] - Actual text 'Because I see the mind is the most important.1PDXR' and expected text 'Because I see the mind is the most important.1PDXR' are matched 

2019-08-02 17:18:57 - [MESSAGE][PASSED] - Delayed 10 second(s)

2019-08-02 17:18:57 - [MESSAGE][PASSED] - Text of object '' is: 'Last draft saved on: 02 Aug 2019 05:18:49 PM  Clear draft'

2019-08-02 17:18:57 - [MESSAGE][PASSED] - Actual text 'Last draft saved on: 02 Aug 2019 05:18:39 PM  Clear draft' and expected text 'Last draft saved on: 02 Aug 2019 05:18:49 PM  Clear draft' are not matched 

2019-08-02 17:19:07 - [MESSAGE][PASSED] - Delayed 10 second(s)

2019-08-02 17:19:07 - [MESSAGE][PASSED] - Text of object '' is: 'Last draft saved on: 02 Aug 2019 05:18:49 PM  Clear draft'

2019-08-02 17:19:07 - [MESSAGE][PASSED] - Actual text 'Last draft saved on: 02 Aug 2019 05:18:49 PM  Clear draft' and expected text 'Last draft saved on: 02 Aug 2019 05:18:49 PM  Clear draft' are matched 

2019-08-02 17:19:07 - [MESSAGE][PASSED] - Object '' has attribute 'class' with value 'tiny ui button'

2019-08-02 17:19:14 - [MESSAGE][PASSED] - Delayed 7 second(s)

2019-08-02 17:19:14 - [MESSAGE][PASSED] - File 'G:\Sabareesh\Personal\USGBC_NewApproach1\USGBC_LEED\Include\TestData\FilesToUpload\COO_1.pdf' sent to object: ''

2019-08-02 17:19:14 - [MESSAGE][PASSED] - Object '' has attribute 'class' with value 'tiny ui button'

2019-08-02 17:19:21 - [MESSAGE][PASSED] - Delayed 7 second(s)

2019-08-02 17:19:21 - [MESSAGE][PASSED] - File 'G:\Sabareesh\Personal\USGBC_NewApproach1\USGBC_LEED\Include\TestData\FilesToUpload\ZZ.pdf' sent to object: ''

2019-08-02 17:19:24 - [MESSAGE][PASSED] - Delayed 3 second(s)

2019-08-02 17:19:25 - [MESSAGE][PASSED] - Object '' has attribute 'class' with value 'tiny ui button'

2019-08-02 17:19:32 - [MESSAGE][PASSED] - Delayed 7 second(s)

2019-08-02 17:19:32 - [MESSAGE][PASSED] - File 'G:\Sabareesh\Personal\USGBC_NewApproach1\USGBC_LEED\Include\TestData\FilesToUpload\COO_1.pdf' sent to object: ''

2019-08-02 17:19:32 - [MESSAGE][PASSED] - Object '' has attribute 'class' with value 'tiny ui button'

2019-08-02 17:19:39 - [MESSAGE][PASSED] - Delayed 7 second(s)

2019-08-02 17:19:39 - [MESSAGE][PASSED] - File 'G:\Sabareesh\Personal\USGBC_NewApproach1\USGBC_LEED\Include\TestData\FilesToUpload\ZZ.pdf' sent to object: ''

2019-08-02 17:19:42 - [MESSAGE][PASSED] - Delayed 3 second(s)

2019-08-02 17:19:52 - [MESSAGE][PASSED] - Delayed 10 second(s)

2019-08-02 17:19:52 - [MESSAGE][PASSED] - Text of object '' is: 'Last draft saved on: 02 Aug 2019 05:18:49 PM  Clear draft'

2019-08-02 17:19:52 - [MESSAGE][PASSED] - Actual text 'Last draft saved on: 02 Aug 2019 05:18:49 PM  Clear draft' and expected text 'Last draft saved on: 02 Aug 2019 05:18:49 PM  Clear draft' are matched 

2019-08-02 17:19:52 - [MESSAGE][PASSED] - Object: '' is clicked on

2019-08-02 17:19:53 - [MESSAGE][PASSED] - Object: '' is clicked on

2019-08-02 17:19:55 - [MESSAGE][PASSED] - Delayed 2 second(s)

2019-08-02 17:19:55 - [TEST_CASE][PASSED] - Test Cases/TC_Login: Test Cases/TC_Login

2019-08-02 17:19:55 - [TEST_STEP][PASSED] - runWithCucumberRunner(common.LoginRunner): Run with 'common.LoginRunner' was passed

2019-08-02 17:19:55 - [MESSAGE][WARNING] - A browser is already opened. Closing browser and opening a new one

2019-08-02 17:19:56 - [MESSAGE][INFO] - Starting 'Chrome (headless)' driver

2019-08-02 17:19:58 - [MESSAGE][PASSED] - Browser is opened with url: ''

2019-08-02 17:19:59 - [MESSAGE][PASSED] - Current window maximized

2019-08-02 17:20:01 - [MESSAGE][PASSED] - Navigate to 'https://leedonline-stg.usgbc.org' successfully

2019-08-02 17:20:01 - [MESSAGE][PASSED] - Text 'automationbdd9@gmail.com' is set on object ''

2019-08-02 17:20:01 - [MESSAGE][PASSED] - Text 'initpass' is set on object ''

2019-08-02 17:20:04 - [MESSAGE][PASSED] - Delayed 3 second(s)

2019-08-02 17:20:04 - [MESSAGE][PASSED] - Scroll to object '' successfully

2019-08-02 17:20:04 - [MESSAGE][PASSED] - Object '' is checked

2019-08-02 17:20:08 - [MESSAGE][PASSED] - Delayed 4 second(s)

2019-08-02 17:20:09 - [MESSAGE][PASSED] - The form containing object: '' is submitted

2019-08-02 17:20:09 - [MESSAGE][PASSED] - Run with 'common.LoginRunner' was passed

2019-08-02 17:20:09 - [MESSAGE][PASSED] - Call Test Case 'Test Cases/TC_Login' successfully

2019-08-02 17:20:11 - [MESSAGE][PASSED] - Delayed 2 second(s)

2019-08-02 17:20:16 - [MESSAGE][PASSED] - Object: '' is clicked on

2019-08-02 17:20:18 - [MESSAGE][PASSED] - Delayed 2 second(s)

2019-08-02 17:20:20 - [MESSAGE][PASSED] - Object: '' is clicked on

2019-08-02 17:20:22 - [MESSAGE][PASSED] - Delayed 2 second(s)

2019-08-02 17:20:24 - [MESSAGE][PASSED] - Delayed 2 second(s)

2019-08-02 17:20:24 - [MESSAGE][PASSED] - Object: '' is clicked on

2019-08-02 17:20:24 - [MESSAGE][PASSED] - Text of object '' is: 'Green Cleaning Policy'

2019-08-02 17:20:27 - [MESSAGE][PASSED] - Delayed 3 second(s)

2019-08-02 17:20:30 - [MESSAGE][PASSED] - Object: '' is clicked on

2019-08-02 17:20:34 - [MESSAGE][PASSED] - Delayed 4 second(s)

2019-08-02 17:20:34 - [MESSAGE][PASSED] - Object '' is present

2019-08-02 17:20:34 - [MESSAGE][PASSED] - Text of object '' is: 'Last draft saved on: 02 Aug 2019 05:18:49 PM  Clear draft'

2019-08-02 17:20:34 - [MESSAGE][PASSED] - Actual text 'Last draft saved on: 02 Aug 2019 05:18:49 PM  Clear draft' and expected text 'Last draft saved on: 02 Aug 2019 05:18:49 PM  Clear draft' are matched 

2019-08-02 17:20:34 - [MESSAGE][PASSED] - Object: '' is clicked on

2019-08-02 17:20:38 - [MESSAGE][PASSED] - Delayed 4 second(s)

2019-08-02 17:20:41 - [MESSAGE][PASSED] - Delayed 2 second(s)

2019-08-02 17:20:46 - [MESSAGE][PASSED] - Delayed 5 second(s)

2019-08-02 17:20:46 - [MESSAGE][PASSED] - Object: '' is clicked on

2019-08-02 17:20:48 - [MESSAGE][PASSED] - Delayed 2 second(s)

2019-08-02 17:20:48 - [MESSAGE][PASSED] - Object: '' is clicked on

2019-08-02 17:20:50 - [MESSAGE][PASSED] - Delayed 2 second(s)

2019-08-02 17:20:52 - [MESSAGE][PASSED] - Delayed 2 second(s)

2019-08-02 17:20:57 - [MESSAGE][PASSED] - Delayed 5 second(s)

2019-08-02 17:20:57 - [MESSAGE][PASSED] - Object: '' is clicked on

2019-08-02 17:20:59 - [MESSAGE][PASSED] - Delayed 2 second(s)

2019-08-02 17:20:59 - [MESSAGE][PASSED] - Object: '' is clicked on

2019-08-02 17:21:01 - [MESSAGE][PASSED] - Delayed 2 second(s)

2019-08-02 17:21:06 - [MESSAGE][PASSED] - Delayed 5 second(s)

2019-08-02 17:21:06 - [MESSAGE][PASSED] - Web element with id: '' located by 'By.xpath: (//table[@class='ui collapsing celled table unstackable'])[2]' is not present after '2' second(s)

2019-08-02 17:21:08 - [MESSAGE][PASSED] - Delayed 2 second(s)

2019-08-02 17:21:13 - [MESSAGE][PASSED] - Delayed 5 second(s)

2019-08-02 17:21:14 - [MESSAGE][PASSED] - Object: '' is clicked on

2019-08-02 17:21:16 - [MESSAGE][PASSED] - Delayed 2 second(s)

2019-08-02 17:21:16 - [MESSAGE][PASSED] - Object: '' is clicked on

2019-08-02 17:21:18 - [MESSAGE][PASSED] - Delayed 2 second(s)

2019-08-02 17:21:20 - [MESSAGE][PASSED] - Delayed 2 second(s)

2019-08-02 17:21:25 - [MESSAGE][PASSED] - Delayed 5 second(s)

2019-08-02 17:21:25 - [MESSAGE][PASSED] - Object: '' is clicked on

2019-08-02 17:21:27 - [MESSAGE][PASSED] - Delayed 2 second(s)

2019-08-02 17:21:27 - [MESSAGE][PASSED] - Object: '' is clicked on

2019-08-02 17:21:29 - [MESSAGE][PASSED] - Delayed 2 second(s)

2019-08-02 17:21:34 - [MESSAGE][PASSED] - Delayed 5 second(s)

2019-08-02 17:21:34 - [MESSAGE][PASSED] - Web element with id: '' located by 'By.xpath: (//table[@class='ui collapsing celled table unstackable'])[1]' is not present after '2' second(s)

2019-08-02 17:21:34 - [MESSAGE][PASSED] - Web element with id: '' located by 'By.xpath: //a[contains(text(),'Clear draft')]' is not present after '3' second(s)

2019-08-02 17:21:34 - [MESSAGE][PASSED] - Web element with id: '' located by 'By.xpath: //div[contains(text(),'Form drafted and not yet saved!')]' is not present after '2' second(s)

2019-08-02 17:21:35 - [MESSAGE][PASSED] - Text 'Because I see the mind is the most important.RYQD0' is set on object ''

2019-08-02 17:21:37 - [MESSAGE][PASSED] - Delayed 2 second(s)

2019-08-02 17:21:37 - [MESSAGE][PASSED] - Text of object '' is: 'Because I see the mind is the most important.RYQD0'

2019-08-02 17:21:37 - [MESSAGE][PASSED] - Actual text 'Because I see the mind is the most important.RYQD0' and expected text 'Because I see the mind is the most important.RYQD0' are matched 

2019-08-02 17:21:47 - [MESSAGE][PASSED] - Delayed 10 second(s)

2019-08-02 17:21:47 - [MESSAGE][PASSED] - Text of object '' is: 'Last draft saved on: 02 Aug 2019 05:21:44 PM  Clear draft'

2019-08-02 17:21:47 - [MESSAGE][PASSED] - Actual text 'Last draft saved on: 02 Aug 2019 05:18:49 PM  Clear draft' and expected text 'Last draft saved on: 02 Aug 2019 05:21:44 PM  Clear draft' are not matched 

2019-08-02 17:21:51 - [MESSAGE][PASSED] - Delayed 4 second(s)

2019-08-02 17:21:51 - [MESSAGE][PASSED] - Object: '' is clicked on

2019-08-02 17:21:53 - [MESSAGE][PASSED] - Delayed 2 second(s)

2019-08-02 17:21:53 - [MESSAGE][PASSED] - Object: '' is clicked on

2019-08-02 17:21:58 - [MESSAGE][PASSED] - Delayed 5 second(s)

2019-08-02 17:21:58 - [MESSAGE][PASSED] - Web element with id: '' located by 'By.xpath: //a[contains(text(),'Clear draft')]' is not present after '2' second(s)

2019-08-02 17:22:02 - [MESSAGE][PASSED] - Delayed 4 second(s)

2019-08-02 17:22:02 - [TEST_CASE][PASSED] - Test Cases/TC_Login: Test Cases/TC_Login

2019-08-02 17:22:02 - [TEST_STEP][PASSED] - runWithCucumberRunner(common.LoginRunner): Run with 'common.LoginRunner' was passed

2019-08-02 17:22:02 - [MESSAGE][WARNING] - A browser is already opened. Closing browser and opening a new one

2019-08-02 17:22:03 - [MESSAGE][INFO] - Starting 'Chrome (headless)' driver

2019-08-02 17:22:05 - [MESSAGE][PASSED] - Browser is opened with url: ''

2019-08-02 17:22:06 - [MESSAGE][PASSED] - Current window maximized

2019-08-02 17:22:08 - [MESSAGE][PASSED] - Navigate to 'https://leedonline-stg.usgbc.org' successfully

2019-08-02 17:22:09 - [MESSAGE][PASSED] - Text 'automationbdd9@gmail.com' is set on object ''

2019-08-02 17:22:09 - [MESSAGE][PASSED] - Text 'initpass' is set on object ''

2019-08-02 17:22:12 - [MESSAGE][PASSED] - Delayed 3 second(s)

2019-08-02 17:22:12 - [MESSAGE][PASSED] - Scroll to object '' successfully

2019-08-02 17:22:12 - [MESSAGE][PASSED] - Object '' is checked

2019-08-02 17:22:16 - [MESSAGE][PASSED] - Delayed 4 second(s)

2019-08-02 17:22:16 - [MESSAGE][PASSED] - The form containing object: '' is submitted

2019-08-02 17:22:16 - [MESSAGE][PASSED] - Run with 'common.LoginRunner' was passed

2019-08-02 17:22:16 - [MESSAGE][PASSED] - Call Test Case 'Test Cases/TC_Login' successfully

2019-08-02 17:22:24 - [MESSAGE][PASSED] - Object: '' is clicked on

2019-08-02 17:22:26 - [MESSAGE][PASSED] - Object: '' is clicked on

2019-08-02 17:22:28 - [MESSAGE][PASSED] - Delayed 2 second(s)

2019-08-02 17:22:28 - [MESSAGE][PASSED] - Text of object '' is: 'ATTEMPTED'

2019-08-02 17:22:31 - [MESSAGE][PASSED] - Delayed 3 second(s)

2019-08-02 17:22:33 - [MESSAGE][PASSED] - Delayed 2 second(s)

2019-08-02 17:22:33 - [MESSAGE][PASSED] - Object: '' is clicked on

2019-08-02 17:22:33 - [MESSAGE][PASSED] - Text of object '' is: 'Green Cleaning Policy'

2019-08-02 17:22:36 - [MESSAGE][PASSED] - Delayed 3 second(s)

2019-08-02 17:22:39 - [MESSAGE][PASSED] - Object: '' is clicked on

2019-08-02 17:22:44 - [MESSAGE][PASSED] - Delayed 5 second(s)

2019-08-02 17:22:45 - [MESSAGE][PASSED] - Object: '' is clicked on

2019-08-02 17:22:55 - [MESSAGE][PASSED] - Delayed 10 second(s)

2019-08-02 17:22:55 - [MESSAGE][PASSED] - Object '' is present

2019-08-02 17:22:55 - [MESSAGE][PASSED] - Text of object '' is: 'Last draft saved on: 02 Aug 2019 05:22:49 PM  Clear draft'

2019-08-02 17:22:56 - [MESSAGE][PASSED] - Text 'Because I see the mind is the most important.ZJNO6' is set on object ''

2019-08-02 17:22:58 - [MESSAGE][PASSED] - Delayed 2 second(s)

2019-08-02 17:22:58 - [MESSAGE][PASSED] - Text of object '' is: 'Because I see the mind is the most important.ZJNO6'

2019-08-02 17:22:58 - [MESSAGE][PASSED] - Actual text 'Because I see the mind is the most important.ZJNO6' and expected text 'Because I see the mind is the most important.ZJNO6' are matched 

2019-08-02 17:23:08 - [MESSAGE][PASSED] - Delayed 10 second(s)

2019-08-02 17:23:08 - [MESSAGE][PASSED] - Text of object '' is: 'Last draft saved on: 02 Aug 2019 05:22:59 PM  Clear draft'

2019-08-02 17:23:08 - [MESSAGE][PASSED] - Actual text 'Last draft saved on: 02 Aug 2019 05:22:49 PM  Clear draft' and expected text 'Last draft saved on: 02 Aug 2019 05:22:59 PM  Clear draft' are not matched 

2019-08-02 17:23:18 - [MESSAGE][PASSED] - Delayed 10 second(s)

2019-08-02 17:23:18 - [MESSAGE][PASSED] - Text of object '' is: 'Last draft saved on: 02 Aug 2019 05:22:59 PM  Clear draft'

2019-08-02 17:23:18 - [MESSAGE][PASSED] - Actual text 'Last draft saved on: 02 Aug 2019 05:22:59 PM  Clear draft' and expected text 'Last draft saved on: 02 Aug 2019 05:22:59 PM  Clear draft' are matched 

2019-08-02 17:23:18 - [MESSAGE][PASSED] - Object '' has attribute 'class' with value 'tiny ui button'

2019-08-02 17:23:25 - [MESSAGE][PASSED] - Delayed 7 second(s)

2019-08-02 17:23:25 - [MESSAGE][PASSED] - File 'G:\Sabareesh\Personal\USGBC_NewApproach1\USGBC_LEED\Include\TestData\FilesToUpload\COO_1.pdf' sent to object: ''

2019-08-02 17:23:25 - [MESSAGE][PASSED] - Object '' has attribute 'class' with value 'tiny ui button'

2019-08-02 17:23:32 - [MESSAGE][PASSED] - Delayed 7 second(s)

2019-08-02 17:23:32 - [MESSAGE][PASSED] - File 'G:\Sabareesh\Personal\USGBC_NewApproach1\USGBC_LEED\Include\TestData\FilesToUpload\ZZ.pdf' sent to object: ''

2019-08-02 17:23:35 - [MESSAGE][PASSED] - Delayed 3 second(s)

2019-08-02 17:23:35 - [MESSAGE][PASSED] - Object '' has attribute 'class' with value 'tiny ui button'

2019-08-02 17:23:42 - [MESSAGE][PASSED] - Delayed 7 second(s)

2019-08-02 17:23:42 - [MESSAGE][PASSED] - File 'G:\Sabareesh\Personal\USGBC_NewApproach1\USGBC_LEED\Include\TestData\FilesToUpload\COO_1.pdf' sent to object: ''

2019-08-02 17:23:42 - [MESSAGE][PASSED] - Object '' has attribute 'class' with value 'tiny ui button'

2019-08-02 17:23:49 - [MESSAGE][PASSED] - Delayed 7 second(s)

2019-08-02 17:23:49 - [MESSAGE][PASSED] - File 'G:\Sabareesh\Personal\USGBC_NewApproach1\USGBC_LEED\Include\TestData\FilesToUpload\ZZ.pdf' sent to object: ''

2019-08-02 17:23:52 - [MESSAGE][PASSED] - Delayed 3 second(s)

2019-08-02 17:23:52 - [MESSAGE][PASSED] - Object '' has attribute 'class' with value 'tiny ui button'

2019-08-02 17:23:59 - [MESSAGE][PASSED] - Delayed 7 second(s)

2019-08-02 17:23:59 - [MESSAGE][PASSED] - File 'G:\Sabareesh\Personal\USGBC_NewApproach1\USGBC_LEED\Include\TestData\FilesToUpload\COO_1.pdf' sent to object: ''

2019-08-02 17:23:59 - [MESSAGE][PASSED] - Object '' has attribute 'class' with value 'tiny ui button'

2019-08-02 17:24:06 - [MESSAGE][PASSED] - Delayed 7 second(s)

2019-08-02 17:24:06 - [MESSAGE][PASSED] - File 'G:\Sabareesh\Personal\USGBC_NewApproach1\USGBC_LEED\Include\TestData\FilesToUpload\ZZ.pdf' sent to object: ''

2019-08-02 17:24:09 - [MESSAGE][PASSED] - Delayed 3 second(s)

2019-08-02 17:24:19 - [MESSAGE][PASSED] - Delayed 10 second(s)

2019-08-02 17:24:19 - [MESSAGE][PASSED] - Text of object '' is: 'Last draft saved on: 02 Aug 2019 05:22:59 PM  Clear draft'

2019-08-02 17:24:19 - [MESSAGE][PASSED] - Actual text 'Last draft saved on: 02 Aug 2019 05:22:59 PM  Clear draft' and expected text 'Last draft saved on: 02 Aug 2019 05:22:59 PM  Clear draft' are matched 

2019-08-02 17:24:20 - [MESSAGE][PASSED] - Text 'Filling text box for Auto save' is set on object ''

2019-08-02 17:24:22 - [MESSAGE][PASSED] - Delayed 2 second(s)

2019-08-02 17:24:22 - [MESSAGE][PASSED] - Attribute 'value' of object '' is: 'Filling text box for Auto save'

2019-08-02 17:24:22 - [MESSAGE][PASSED] - Actual text 'Filling text box for Auto save' and expected text 'Filling text box for Auto save' are matched 

2019-08-02 17:24:32 - [MESSAGE][PASSED] - Delayed 10 second(s)

2019-08-02 17:24:32 - [MESSAGE][PASSED] - Text of object '' is: 'Last draft saved on: 02 Aug 2019 05:24:29 PM  Clear draft'

2019-08-02 17:24:32 - [MESSAGE][PASSED] - Actual text 'Last draft saved on: 02 Aug 2019 05:22:59 PM  Clear draft' and expected text 'Last draft saved on: 02 Aug 2019 05:24:29 PM  Clear draft' are not matched 

2019-08-02 17:24:32 - [MESSAGE][PASSED] - Object: '' is clicked on

2019-08-02 17:24:33 - [MESSAGE][PASSED] - Object: '' is clicked on

2019-08-02 17:24:35 - [MESSAGE][PASSED] - Delayed 2 second(s)

2019-08-02 17:24:35 - [TEST_CASE][PASSED] - Test Cases/TC_Login: Test Cases/TC_Login

2019-08-02 17:24:35 - [TEST_STEP][PASSED] - runWithCucumberRunner(common.LoginRunner): Run with 'common.LoginRunner' was passed

2019-08-02 17:24:35 - [MESSAGE][WARNING] - A browser is already opened. Closing browser and opening a new one

2019-08-02 17:24:36 - [MESSAGE][INFO] - Starting 'Chrome (headless)' driver

2019-08-02 17:24:38 - [MESSAGE][PASSED] - Browser is opened with url: ''

2019-08-02 17:24:39 - [MESSAGE][PASSED] - Current window maximized

2019-08-02 17:24:41 - [MESSAGE][PASSED] - Navigate to 'https://leedonline-stg.usgbc.org' successfully

2019-08-02 17:24:41 - [MESSAGE][PASSED] - Text 'automationbdd9@gmail.com' is set on object ''

2019-08-02 17:24:42 - [MESSAGE][PASSED] - Text 'initpass' is set on object ''

2019-08-02 17:24:45 - [MESSAGE][PASSED] - Delayed 3 second(s)

2019-08-02 17:24:45 - [MESSAGE][PASSED] - Scroll to object '' successfully

2019-08-02 17:24:45 - [MESSAGE][PASSED] - Object '' is checked

2019-08-02 17:24:49 - [MESSAGE][PASSED] - Delayed 4 second(s)

2019-08-02 17:24:49 - [MESSAGE][PASSED] - The form containing object: '' is submitted

2019-08-02 17:24:49 - [MESSAGE][PASSED] - Run with 'common.LoginRunner' was passed

2019-08-02 17:24:49 - [MESSAGE][PASSED] - Call Test Case 'Test Cases/TC_Login' successfully

2019-08-02 17:24:51 - [MESSAGE][PASSED] - Delayed 2 second(s)

2019-08-02 17:24:57 - [MESSAGE][PASSED] - Object: '' is clicked on

2019-08-02 17:24:59 - [MESSAGE][PASSED] - Delayed 2 second(s)

2019-08-02 17:25:01 - [MESSAGE][PASSED] - Object: '' is clicked on

2019-08-02 17:25:03 - [MESSAGE][PASSED] - Delayed 2 second(s)

2019-08-02 17:25:05 - [MESSAGE][PASSED] - Delayed 2 second(s)

2019-08-02 17:25:05 - [MESSAGE][PASSED] - Object: '' is clicked on

2019-08-02 17:25:05 - [MESSAGE][PASSED] - Text of object '' is: 'Green Cleaning Policy'

2019-08-02 17:25:08 - [MESSAGE][PASSED] - Delayed 3 second(s)

2019-08-02 17:25:11 - [MESSAGE][PASSED] - Object: '' is clicked on

2019-08-02 17:25:15 - [MESSAGE][PASSED] - Delayed 4 second(s)

2019-08-02 17:25:15 - [MESSAGE][PASSED] - Object '' is present

2019-08-02 17:25:15 - [MESSAGE][PASSED] - Text of object '' is: 'Last draft saved on: 02 Aug 2019 05:24:29 PM  Clear draft'

2019-08-02 17:25:15 - [MESSAGE][PASSED] - Actual text 'Last draft saved on: 02 Aug 2019 05:24:29 PM  Clear draft' and expected text 'Last draft saved on: 02 Aug 2019 05:24:29 PM  Clear draft' are matched 

2019-08-02 17:25:16 - [MESSAGE][PASSED] - Object: '' is clicked on

2019-08-02 17:25:20 - [MESSAGE][PASSED] - Delayed 4 second(s)

2019-08-02 17:25:22 - [MESSAGE][PASSED] - Delayed 2 second(s)

2019-08-02 17:25:27 - [MESSAGE][PASSED] - Delayed 5 second(s)

2019-08-02 17:25:27 - [MESSAGE][PASSED] - Object: '' is clicked on

2019-08-02 17:25:29 - [MESSAGE][PASSED] - Delayed 2 second(s)

2019-08-02 17:25:29 - [MESSAGE][PASSED] - Object: '' is clicked on

2019-08-02 17:25:31 - [MESSAGE][PASSED] - Delayed 2 second(s)

2019-08-02 17:25:33 - [MESSAGE][PASSED] - Delayed 2 second(s)

2019-08-02 17:25:38 - [MESSAGE][PASSED] - Delayed 5 second(s)

2019-08-02 17:25:38 - [MESSAGE][PASSED] - Object: '' is clicked on

2019-08-02 17:25:40 - [MESSAGE][PASSED] - Delayed 2 second(s)

2019-08-02 17:25:40 - [MESSAGE][PASSED] - Object: '' is clicked on

2019-08-02 17:25:42 - [MESSAGE][PASSED] - Delayed 2 second(s)

2019-08-02 17:25:47 - [MESSAGE][PASSED] - Delayed 5 second(s)

2019-08-02 17:25:47 - [MESSAGE][PASSED] - Web element with id: '' located by 'By.xpath: (//table[@class='ui collapsing celled table unstackable'])[3]' is not present after '2' second(s)

2019-08-02 17:25:49 - [MESSAGE][PASSED] - Delayed 2 second(s)

2019-08-02 17:25:55 - [MESSAGE][PASSED] - Delayed 5 second(s)

2019-08-02 17:25:55 - [MESSAGE][PASSED] - Object: '' is clicked on

2019-08-02 17:25:57 - [MESSAGE][PASSED] - Delayed 2 second(s)

2019-08-02 17:25:57 - [MESSAGE][PASSED] - Object: '' is clicked on

2019-08-02 17:25:59 - [MESSAGE][PASSED] - Delayed 2 second(s)

2019-08-02 17:26:01 - [MESSAGE][PASSED] - Delayed 2 second(s)

2019-08-02 17:26:06 - [MESSAGE][PASSED] - Delayed 5 second(s)

2019-08-02 17:26:06 - [MESSAGE][PASSED] - Object: '' is clicked on

2019-08-02 17:26:08 - [MESSAGE][PASSED] - Delayed 2 second(s)

2019-08-02 17:26:08 - [MESSAGE][PASSED] - Object: '' is clicked on

2019-08-02 17:26:10 - [MESSAGE][PASSED] - Delayed 2 second(s)

2019-08-02 17:26:15 - [MESSAGE][PASSED] - Delayed 5 second(s)

2019-08-02 17:26:15 - [MESSAGE][PASSED] - Web element with id: '' located by 'By.xpath: (//table[@class='ui collapsing celled table unstackable'])[2]' is not present after '2' second(s)

2019-08-02 17:26:17 - [MESSAGE][PASSED] - Delayed 2 second(s)

2019-08-02 17:26:22 - [MESSAGE][PASSED] - Delayed 5 second(s)

2019-08-02 17:26:22 - [MESSAGE][PASSED] - Object: '' is clicked on

2019-08-02 17:26:24 - [MESSAGE][PASSED] - Delayed 2 second(s)

2019-08-02 17:26:24 - [MESSAGE][PASSED] - Object: '' is clicked on

2019-08-02 17:26:26 - [MESSAGE][PASSED] - Delayed 2 second(s)

2019-08-02 17:26:28 - [MESSAGE][PASSED] - Delayed 2 second(s)

2019-08-02 17:26:33 - [MESSAGE][PASSED] - Delayed 5 second(s)

2019-08-02 17:26:34 - [MESSAGE][PASSED] - Object: '' is clicked on

2019-08-02 17:26:36 - [MESSAGE][PASSED] - Delayed 2 second(s)

2019-08-02 17:26:36 - [MESSAGE][PASSED] - Object: '' is clicked on

2019-08-02 17:26:38 - [MESSAGE][PASSED] - Delayed 2 second(s)

2019-08-02 17:26:43 - [MESSAGE][PASSED] - Delayed 5 second(s)

2019-08-02 17:26:43 - [MESSAGE][PASSED] - Web element with id: '' located by 'By.xpath: (//table[@class='ui collapsing celled table unstackable'])[1]' is not present after '2' second(s)

2019-08-02 17:26:43 - [MESSAGE][PASSED] - Web element with id: '' located by 'By.xpath: //a[contains(text(),'Clear draft')]' is not present after '3' second(s)

2019-08-02 17:26:43 - [MESSAGE][PASSED] - Web element with id: '' located by 'By.xpath: //div[contains(text(),'Form drafted and not yet saved!')]' is not present after '2' second(s)

2019-08-02 17:26:44 - [MESSAGE][PASSED] - Text 'Because I see the mind is the most important.VT87K' is set on object ''

2019-08-02 17:26:46 - [MESSAGE][PASSED] - Delayed 2 second(s)

2019-08-02 17:26:46 - [MESSAGE][PASSED] - Text of object '' is: 'Because I see the mind is the most important.VT87K'

2019-08-02 17:26:46 - [MESSAGE][PASSED] - Actual text 'Because I see the mind is the most important.VT87K' and expected text 'Because I see the mind is the most important.VT87K' are matched 

2019-08-02 17:26:56 - [MESSAGE][PASSED] - Delayed 10 second(s)

2019-08-02 17:26:56 - [MESSAGE][PASSED] - Text of object '' is: 'Last draft saved on: 02 Aug 2019 05:26:46 PM  Clear draft'

2019-08-02 17:26:56 - [MESSAGE][PASSED] - Actual text 'Last draft saved on: 02 Aug 2019 05:24:29 PM  Clear draft' and expected text 'Last draft saved on: 02 Aug 2019 05:26:46 PM  Clear draft' are not matched 

2019-08-02 17:27:00 - [MESSAGE][PASSED] - Delayed 4 second(s)

2019-08-02 17:27:00 - [MESSAGE][PASSED] - Object: '' is clicked on

2019-08-02 17:27:02 - [MESSAGE][PASSED] - Delayed 2 second(s)

2019-08-02 17:27:02 - [MESSAGE][PASSED] - Object: '' is clicked on

2019-08-02 17:27:07 - [MESSAGE][PASSED] - Delayed 5 second(s)

2019-08-02 17:27:07 - [MESSAGE][PASSED] - Web element with id: '' located by 'By.xpath: //a[contains(text(),'Clear draft')]' is not present after '2' second(s)

2019-08-02 17:27:11 - [MESSAGE][PASSED] - Delayed 4 second(s)

2019-08-02 17:27:11 - [MESSAGE][PASSED] - Run with 'runner_OM_ExistingBuildings.GreenCleaningPolicyTestRunner' was passed]]></system-out>
         <system-err><![CDATA[]]></system-err>
      </testcase>
      <testcase name="Test Cases/OM_ExistingBuildings/TC_LightPollutionReduction" classname="Test Cases/OM_ExistingBuildings/TC_LightPollutionReduction" status="PASSED">
         <system-out><![CDATA[2019-08-02 17:27:11 - [TEST_CASE][PASSED] - Test Cases/OM_ExistingBuildings/TC_LightPollutionReduction: Test Cases/OM_ExistingBuildings/TC_LightPollutionReduction

2019-08-02 17:27:11 - [TEST_STEP][PASSED] - runWithCucumberRunner(runner_OM_ExistingBuildings.LightPollutionReductionTestRunner): Run with 'runner_OM_ExistingBuildings.LightPollutionReductionTestRunner' was passed

2019-08-02 17:27:12 - [TEST_CASE][PASSED] - Test Cases/TC_Login: Test Cases/TC_Login

2019-08-02 17:27:12 - [TEST_STEP][PASSED] - runWithCucumberRunner(common.LoginRunner): Run with 'common.LoginRunner' was passed

2019-08-02 17:27:12 - [MESSAGE][WARNING] - A browser is already opened. Closing browser and opening a new one

2019-08-02 17:27:13 - [MESSAGE][INFO] - Starting 'Chrome (headless)' driver

2019-08-02 17:27:15 - [MESSAGE][PASSED] - Browser is opened with url: ''

2019-08-02 17:27:16 - [MESSAGE][PASSED] - Current window maximized

2019-08-02 17:27:18 - [MESSAGE][PASSED] - Navigate to 'https://leedonline-stg.usgbc.org' successfully

2019-08-02 17:27:19 - [MESSAGE][PASSED] - Text 'automationbdd9@gmail.com' is set on object ''

2019-08-02 17:27:19 - [MESSAGE][PASSED] - Text 'initpass' is set on object ''

2019-08-02 17:27:22 - [MESSAGE][PASSED] - Delayed 3 second(s)

2019-08-02 17:27:22 - [MESSAGE][PASSED] - Scroll to object '' successfully

2019-08-02 17:27:22 - [MESSAGE][PASSED] - Object '' is checked

2019-08-02 17:27:26 - [MESSAGE][PASSED] - Delayed 4 second(s)

2019-08-02 17:27:27 - [MESSAGE][PASSED] - The form containing object: '' is submitted

2019-08-02 17:27:27 - [MESSAGE][PASSED] - Run with 'common.LoginRunner' was passed

2019-08-02 17:27:27 - [MESSAGE][PASSED] - Call Test Case 'Test Cases/TC_Login' successfully

2019-08-02 17:27:34 - [MESSAGE][PASSED] - Object: '' is clicked on

2019-08-02 17:27:36 - [MESSAGE][PASSED] - Object: '' is clicked on

2019-08-02 17:27:38 - [MESSAGE][PASSED] - Delayed 2 second(s)

2019-08-02 17:27:38 - [MESSAGE][PASSED] - Text of object '' is: 'ATTEMPTED'

2019-08-02 17:27:41 - [MESSAGE][PASSED] - Delayed 3 second(s)

2019-08-02 17:27:43 - [MESSAGE][PASSED] - Delayed 2 second(s)

2019-08-02 17:27:43 - [MESSAGE][PASSED] - Object: '' is clicked on

2019-08-02 17:27:43 - [MESSAGE][PASSED] - Text of object '' is: 'Light Pollution Reduction'

2019-08-02 17:27:46 - [MESSAGE][PASSED] - Delayed 3 second(s)

2019-08-02 17:27:50 - [MESSAGE][PASSED] - Object: '' is clicked on

2019-08-02 17:27:55 - [MESSAGE][PASSED] - Delayed 5 second(s)

2019-08-02 17:27:55 - [MESSAGE][PASSED] - Text of object '' is: 'Light Pollution Reduction'

2019-08-02 17:27:55 - [MESSAGE][PASSED] - Actual text 'Light Pollution Reduction' and expected text 'Light Pollution Reduction' are matched 

2019-08-02 17:27:55 - [MESSAGE][PASSED] - Text '(V01)' is present on page 

2019-08-02 17:27:55 - [MESSAGE][PASSED] - Object: '' is clicked on

2019-08-02 17:27:55 - [MESSAGE][PASSED] - Object '' is checked

2019-08-02 17:27:55 - [MESSAGE][PASSED] - Object '' has attribute 'class' with value 'tiny ui button'

2019-08-02 17:28:02 - [MESSAGE][PASSED] - Delayed 7 second(s)

2019-08-02 17:28:02 - [MESSAGE][PASSED] - File 'G:\Sabareesh\Personal\USGBC_NewApproach1\USGBC_LEED\Include\TestData\FilesToUpload\COO_1.pdf' sent to object: ''

2019-08-02 17:28:02 - [MESSAGE][PASSED] - Object '' has attribute 'class' with value 'tiny ui button'

2019-08-02 17:28:09 - [MESSAGE][PASSED] - Delayed 7 second(s)

2019-08-02 17:28:09 - [MESSAGE][PASSED] - File 'G:\Sabareesh\Personal\USGBC_NewApproach1\USGBC_LEED\Include\TestData\FilesToUpload\ZZ.pdf' sent to object: ''

2019-08-02 17:28:12 - [MESSAGE][PASSED] - Delayed 3 second(s)

2019-08-02 17:28:12 - [MESSAGE][PASSED] - Object '' has attribute 'class' with value 'tiny ui button'

2019-08-02 17:28:19 - [MESSAGE][PASSED] - Delayed 7 second(s)

2019-08-02 17:28:19 - [MESSAGE][PASSED] - File 'G:\Sabareesh\Personal\USGBC_NewApproach1\USGBC_LEED\Include\TestData\FilesToUpload\COO_1.pdf' sent to object: ''

2019-08-02 17:28:19 - [MESSAGE][PASSED] - Object '' has attribute 'class' with value 'tiny ui button'

2019-08-02 17:28:26 - [MESSAGE][PASSED] - Delayed 7 second(s)

2019-08-02 17:28:26 - [MESSAGE][PASSED] - File 'G:\Sabareesh\Personal\USGBC_NewApproach1\USGBC_LEED\Include\TestData\FilesToUpload\ZZ.pdf' sent to object: ''

2019-08-02 17:28:29 - [MESSAGE][PASSED] - Delayed 3 second(s)

2019-08-02 17:28:30 - [MESSAGE][PASSED] - Text of object '' is: 'ZZ.pdf'

2019-08-02 17:28:32 - [MESSAGE][PASSED] - Delayed 2 second(s)

2019-08-02 17:28:34 - [MESSAGE][PASSED] - Delayed 2 second(s)

2019-08-02 17:28:34 - [MESSAGE][PASSED] - ZZ.pdf is equal to ZZ.pdf

2019-08-02 17:28:34 - [MESSAGE][PASSED] - Actual text 'ZZ.pdf' and expected text 'ZZ.pdf' are matched 

2019-08-02 17:28:34 - [MESSAGE][PASSED] - Text of object '' is: 'COO_1.pdf'

2019-08-02 17:28:36 - [MESSAGE][PASSED] - Delayed 2 second(s)

2019-08-02 17:28:36 - [MESSAGE][PASSED] - COO_1.pdf is equal to COO_1.pdf

2019-08-02 17:28:36 - [MESSAGE][PASSED] - Actual text 'COO_1.pdf' and expected text 'COO_1.pdf' are matched 

2019-08-02 17:28:36 - [MESSAGE][PASSED] - Text of object '' is: 'ZZ.pdf'

2019-08-02 17:28:38 - [MESSAGE][PASSED] - Delayed 2 second(s)

2019-08-02 17:28:40 - [MESSAGE][PASSED] - Delayed 2 second(s)

2019-08-02 17:28:40 - [MESSAGE][PASSED] - ZZ.pdf is equal to ZZ.pdf

2019-08-02 17:28:40 - [MESSAGE][PASSED] - Actual text 'ZZ.pdf' and expected text 'ZZ.pdf' are matched 

2019-08-02 17:28:40 - [MESSAGE][PASSED] - Text of object '' is: 'COO_1.pdf'

2019-08-02 17:28:42 - [MESSAGE][PASSED] - Delayed 2 second(s)

2019-08-02 17:28:42 - [MESSAGE][PASSED] - COO_1.pdf is equal to COO_1.pdf

2019-08-02 17:28:42 - [MESSAGE][PASSED] - Actual text 'COO_1.pdf' and expected text 'COO_1.pdf' are matched 

2019-08-02 17:28:44 - [MESSAGE][PASSED] - Text 'Known that everybody have the personal aim. It is defferent . For example, there are some people think that the most important thing in them life is career. While there are other people think that is family. me too. The most important thing with my life is my small and big family.RW5KS' is set on object ''

2019-08-02 17:28:46 - [MESSAGE][PASSED] - Delayed 2 second(s)

2019-08-02 17:28:46 - [MESSAGE][PASSED] - Text of object '' is: 'Known that everybody have the personal aim. It is defferent . For example, there are some people think that the most important thing in them life is career. While there are other people think that is family. me too. The most important thing with my life is my small and big family.RW5KS'

2019-08-02 17:28:46 - [MESSAGE][PASSED] - Actual text 'Known that everybody have the personal aim. It is defferent . For example, there are some people think that the most important thing in them life is career. While there are other people think that is family. me too. The most important thing with my life is my small and big family.RW5KS' and expected text 'Known that everybody have the personal aim. It is defferent . For example, there are some people think that the most important thing in them life is career. While there are other people think that is family. me too. The most important thing with my life is my small and big family.RW5KS' are matched 

2019-08-02 17:28:46 - [MESSAGE][PASSED] - Object: '' is clicked on

2019-08-02 17:28:50 - [MESSAGE][PASSED] - Delayed 4 second(s)

2019-08-02 17:28:50 - [MESSAGE][PASSED] - Text 'Form data saved successfully.' is present on page 

2019-08-02 17:28:56 - [MESSAGE][PASSED] - Delayed 6 second(s)

2019-08-02 17:28:58 - [MESSAGE][PASSED] - Delayed 2 second(s)

2019-08-02 17:28:58 - [MESSAGE][PASSED] - Object '' is present

2019-08-02 17:28:58 - [MESSAGE][PASSED] - Object: '' is clicked on

2019-08-02 17:29:08 - [MESSAGE][PASSED] - Delayed 10 second(s)

2019-08-02 17:29:14 - [MESSAGE][PASSED] - Delayed 6 second(s)

2019-08-02 17:29:14 - [MESSAGE][PASSED] - Text of object '' is: 'Known that everybody have the personal aim. It is defferent . For example, there are some people think that the most important thing in them life is career. While there are other people think that is family. me too. The most important thing with my life is my small and big family.RW5KS'

2019-08-02 17:29:14 - [MESSAGE][PASSED] - Actual text 'Found' and expected text 'Found' are matched 

2019-08-02 17:29:15 - [MESSAGE][PASSED] - Actual text 'Found' and expected text 'Found' are matched 

2019-08-02 17:29:15 - [MESSAGE][PASSED] - Actual text 'Found' and expected text 'Found' are matched 

2019-08-02 17:29:17 - [MESSAGE][PASSED] - Navigate back successfully

2019-08-02 17:29:19 - [MESSAGE][PASSED] - Delayed 2 second(s)

2019-08-02 17:29:19 - [MESSAGE][PASSED] - Object: '' is clicked on

2019-08-02 17:29:24 - [MESSAGE][PASSED] - Delayed 5 second(s)

2019-08-02 17:29:26 - [MESSAGE][PASSED] - Delayed 2 second(s)

2019-08-02 17:29:27 - [MESSAGE][PASSED] - Navigate forward successfully

2019-08-02 17:29:29 - [MESSAGE][PASSED] - Delayed 2 second(s)

2019-08-02 17:29:34 - [MESSAGE][PASSED] - Delayed 5 second(s)

2019-08-02 17:29:34 - [MESSAGE][PASSED] - Object: '' is clicked on

2019-08-02 17:29:34 - [MESSAGE][PASSED] - Text of object '' is: 'COO_1.pdf'

2019-08-02 17:29:39 - [MESSAGE][PASSED] - Delayed 5 second(s)

2019-08-02 17:29:39 - [MESSAGE][PASSED] - Object: '' is hovered

2019-08-02 17:29:41 - [MESSAGE][PASSED] - Delayed 2 second(s)

2019-08-02 17:29:43 - [MESSAGE][PASSED] - Delayed 2 second(s)

2019-08-02 17:29:48 - [MESSAGE][PASSED] - Delayed 5 second(s)

2019-08-02 17:29:49 - [MESSAGE][PASSED] - Object: '' is clicked on

2019-08-02 17:29:49 - [MESSAGE][PASSED] - Text of object '' is: 'ZZ.pdf'

2019-08-02 17:29:54 - [MESSAGE][PASSED] - Delayed 5 second(s)

2019-08-02 17:29:54 - [MESSAGE][PASSED] - Object: '' is hovered

2019-08-02 17:29:56 - [MESSAGE][PASSED] - Delayed 2 second(s)

2019-08-02 17:30:01 - [MESSAGE][PASSED] - Delayed 5 second(s)

2019-08-02 17:30:03 - [MESSAGE][PASSED] - Delayed 2 second(s)

2019-08-02 17:30:04 - [MESSAGE][PASSED] - Delayed 1 second(s)

2019-08-02 17:30:04 - [MESSAGE][PASSED] - COO_1.pdf exist in G:/Sabareesh/Personal/USGBC_NewApproach1/USGBC_LEED/Include/TestData/DownloadedFiles and was deleted

2019-08-02 17:30:04 - [MESSAGE][PASSED] - 

2019-08-02 17:30:04 - [MESSAGE][PASSED] - Actual text 'COO_1.pdf' and expected text 'COO_1.pdf' are matched 

2019-08-02 17:30:06 - [MESSAGE][PASSED] - Delayed 2 second(s)

2019-08-02 17:30:08 - [MESSAGE][PASSED] - Delayed 2 second(s)

2019-08-02 17:30:09 - [MESSAGE][PASSED] - Delayed 1 second(s)

2019-08-02 17:30:09 - [MESSAGE][PASSED] - ZZ.pdf exist in G:/Sabareesh/Personal/USGBC_NewApproach1/USGBC_LEED/Include/TestData/DownloadedFiles and was deleted

2019-08-02 17:30:09 - [MESSAGE][PASSED] - 

2019-08-02 17:30:09 - [MESSAGE][PASSED] - Actual text 'ZZ.pdf' and expected text 'ZZ.pdf' are matched 

2019-08-02 17:30:11 - [MESSAGE][PASSED] - Delayed 2 second(s)

2019-08-02 17:30:13 - [MESSAGE][PASSED] - Delayed 2 second(s)

2019-08-02 17:30:18 - [MESSAGE][PASSED] - Delayed 5 second(s)

2019-08-02 17:30:18 - [MESSAGE][PASSED] - Object: '' is clicked on

2019-08-02 17:30:18 - [MESSAGE][PASSED] - Text of object '' is: 'COO_1.pdf'

2019-08-02 17:30:23 - [MESSAGE][PASSED] - Delayed 5 second(s)

2019-08-02 17:30:23 - [MESSAGE][PASSED] - Object: '' is hovered

2019-08-02 17:30:25 - [MESSAGE][PASSED] - Delayed 2 second(s)

2019-08-02 17:30:27 - [MESSAGE][PASSED] - Delayed 2 second(s)

2019-08-02 17:30:32 - [MESSAGE][PASSED] - Delayed 5 second(s)

2019-08-02 17:30:32 - [MESSAGE][PASSED] - Object: '' is clicked on

2019-08-02 17:30:32 - [MESSAGE][PASSED] - Text of object '' is: 'ZZ.pdf'

2019-08-02 17:30:37 - [MESSAGE][PASSED] - Delayed 5 second(s)

2019-08-02 17:30:37 - [MESSAGE][PASSED] - Object: '' is hovered

2019-08-02 17:30:39 - [MESSAGE][PASSED] - Delayed 2 second(s)

2019-08-02 17:30:44 - [MESSAGE][PASSED] - Delayed 5 second(s)

2019-08-02 17:30:46 - [MESSAGE][PASSED] - Delayed 2 second(s)

2019-08-02 17:30:47 - [MESSAGE][PASSED] - Delayed 1 second(s)

2019-08-02 17:30:47 - [MESSAGE][PASSED] - COO_1.pdf exist in G:/Sabareesh/Personal/USGBC_NewApproach1/USGBC_LEED/Include/TestData/DownloadedFiles and was deleted

2019-08-02 17:30:47 - [MESSAGE][PASSED] - 

2019-08-02 17:30:47 - [MESSAGE][PASSED] - Actual text 'COO_1.pdf' and expected text 'COO_1.pdf' are matched 

2019-08-02 17:30:49 - [MESSAGE][PASSED] - Delayed 2 second(s)

2019-08-02 17:30:51 - [MESSAGE][PASSED] - Delayed 2 second(s)

2019-08-02 17:30:52 - [MESSAGE][PASSED] - Delayed 1 second(s)

2019-08-02 17:30:52 - [MESSAGE][PASSED] - ZZ.pdf exist in G:/Sabareesh/Personal/USGBC_NewApproach1/USGBC_LEED/Include/TestData/DownloadedFiles and was deleted

2019-08-02 17:30:52 - [MESSAGE][PASSED] - 

2019-08-02 17:30:52 - [MESSAGE][PASSED] - Actual text 'ZZ.pdf' and expected text 'ZZ.pdf' are matched 

2019-08-02 17:30:54 - [MESSAGE][PASSED] - Delayed 2 second(s)

2019-08-02 17:30:55 - [MESSAGE][PASSED] - Object: '' is clicked on

2019-08-02 17:30:57 - [MESSAGE][PASSED] - Delayed 2 second(s)

2019-08-02 17:30:57 - [MESSAGE][PASSED] - Object: '' is clicked on

2019-08-02 17:31:00 - [MESSAGE][PASSED] - Delayed 3 second(s)

2019-08-02 17:31:00 - [MESSAGE][PASSED] - Object '' is present

2019-08-02 17:31:02 - [MESSAGE][PASSED] - Delayed 2 second(s)

2019-08-02 17:31:07 - [MESSAGE][PASSED] - Delayed 5 second(s)

2019-08-02 17:31:07 - [MESSAGE][PASSED] - Object: '' is clicked on

2019-08-02 17:31:09 - [MESSAGE][PASSED] - Delayed 2 second(s)

2019-08-02 17:31:09 - [MESSAGE][PASSED] - Object: '' is clicked on

2019-08-02 17:31:11 - [MESSAGE][PASSED] - Delayed 2 second(s)

2019-08-02 17:31:13 - [MESSAGE][PASSED] - Delayed 2 second(s)

2019-08-02 17:31:18 - [MESSAGE][PASSED] - Delayed 5 second(s)

2019-08-02 17:31:18 - [MESSAGE][PASSED] - Object: '' is clicked on

2019-08-02 17:31:20 - [MESSAGE][PASSED] - Delayed 2 second(s)

2019-08-02 17:31:20 - [MESSAGE][PASSED] - Object: '' is clicked on

2019-08-02 17:31:22 - [MESSAGE][PASSED] - Delayed 2 second(s)

2019-08-02 17:31:27 - [MESSAGE][PASSED] - Delayed 5 second(s)

2019-08-02 17:31:27 - [MESSAGE][PASSED] - Web element with id: '' located by 'By.xpath: (//table[@class='ui collapsing celled table unstackable'])[2]' is not present after '2' second(s)

2019-08-02 17:31:30 - [MESSAGE][PASSED] - Delayed 2 second(s)

2019-08-02 17:31:35 - [MESSAGE][PASSED] - Delayed 5 second(s)

2019-08-02 17:31:35 - [MESSAGE][PASSED] - Object: '' is clicked on

2019-08-02 17:31:37 - [MESSAGE][PASSED] - Delayed 2 second(s)

2019-08-02 17:31:37 - [MESSAGE][PASSED] - Object: '' is clicked on

2019-08-02 17:31:39 - [MESSAGE][PASSED] - Delayed 2 second(s)

2019-08-02 17:31:41 - [MESSAGE][PASSED] - Delayed 2 second(s)

2019-08-02 17:31:46 - [MESSAGE][PASSED] - Delayed 5 second(s)

2019-08-02 17:31:46 - [MESSAGE][PASSED] - Object: '' is clicked on

2019-08-02 17:31:48 - [MESSAGE][PASSED] - Delayed 2 second(s)

2019-08-02 17:31:48 - [MESSAGE][PASSED] - Object: '' is clicked on

2019-08-02 17:31:50 - [MESSAGE][PASSED] - Delayed 2 second(s)

2019-08-02 17:31:55 - [MESSAGE][PASSED] - Delayed 5 second(s)

2019-08-02 17:31:55 - [MESSAGE][PASSED] - Web element with id: '' located by 'By.xpath: (//table[@class='ui collapsing celled table unstackable'])[1]' is not present after '2' second(s)

2019-08-02 17:31:55 - [TEST_CASE][PASSED] - Test Cases/TC_Login: Test Cases/TC_Login

2019-08-02 17:31:55 - [TEST_STEP][PASSED] - runWithCucumberRunner(common.LoginRunner): Run with 'common.LoginRunner' was passed

2019-08-02 17:31:55 - [MESSAGE][WARNING] - A browser is already opened. Closing browser and opening a new one

2019-08-02 17:31:56 - [MESSAGE][INFO] - Starting 'Chrome (headless)' driver

2019-08-02 17:31:58 - [MESSAGE][PASSED] - Browser is opened with url: ''

2019-08-02 17:31:59 - [MESSAGE][PASSED] - Current window maximized

2019-08-02 17:32:01 - [MESSAGE][PASSED] - Navigate to 'https://leedonline-stg.usgbc.org' successfully

2019-08-02 17:32:01 - [MESSAGE][PASSED] - Text 'automationbdd9@gmail.com' is set on object ''

2019-08-02 17:32:02 - [MESSAGE][PASSED] - Text 'initpass' is set on object ''

2019-08-02 17:32:05 - [MESSAGE][PASSED] - Delayed 3 second(s)

2019-08-02 17:32:05 - [MESSAGE][PASSED] - Scroll to object '' successfully

2019-08-02 17:32:05 - [MESSAGE][PASSED] - Object '' is checked

2019-08-02 17:32:09 - [MESSAGE][PASSED] - Delayed 4 second(s)

2019-08-02 17:32:09 - [MESSAGE][PASSED] - The form containing object: '' is submitted

2019-08-02 17:32:09 - [MESSAGE][PASSED] - Run with 'common.LoginRunner' was passed

2019-08-02 17:32:09 - [MESSAGE][PASSED] - Call Test Case 'Test Cases/TC_Login' successfully

2019-08-02 17:32:16 - [MESSAGE][PASSED] - Object: '' is clicked on

2019-08-02 17:32:17 - [MESSAGE][PASSED] - Object: '' is clicked on

2019-08-02 17:32:19 - [MESSAGE][PASSED] - Delayed 2 second(s)

2019-08-02 17:32:19 - [MESSAGE][PASSED] - Text of object '' is: 'READY FOR REVIEW'

2019-08-02 17:32:19 - [MESSAGE][PASSED] - Object: '' is clicked on

2019-08-02 17:32:24 - [MESSAGE][PASSED] - Delayed 5 second(s)

2019-08-02 17:32:27 - [MESSAGE][PASSED] - Delayed 3 second(s)

2019-08-02 17:32:29 - [MESSAGE][PASSED] - Delayed 2 second(s)

2019-08-02 17:32:29 - [MESSAGE][PASSED] - Object: '' is clicked on

2019-08-02 17:32:29 - [MESSAGE][PASSED] - Text of object '' is: 'Light Pollution Reduction'

2019-08-02 17:32:32 - [MESSAGE][PASSED] - Delayed 3 second(s)

2019-08-02 17:32:35 - [MESSAGE][PASSED] - Object: '' is clicked on

2019-08-02 17:32:40 - [MESSAGE][PASSED] - Delayed 5 second(s)

2019-08-02 17:32:40 - [MESSAGE][PASSED] - Text of object '' is: 'Light Pollution Reduction'

2019-08-02 17:32:40 - [MESSAGE][PASSED] - Actual text 'Light Pollution Reduction' and expected text 'Light Pollution Reduction' are matched 

2019-08-02 17:32:40 - [MESSAGE][PASSED] - Text '(V01)' is present on page 

2019-08-02 17:32:41 - [MESSAGE][PASSED] - Object: '' is clicked on

2019-08-02 17:32:41 - [MESSAGE][PASSED] - Object '' has attribute 'class' with value 'tiny ui button'

2019-08-02 17:32:48 - [MESSAGE][PASSED] - Delayed 7 second(s)

2019-08-02 17:32:48 - [MESSAGE][PASSED] - File 'G:\Sabareesh\Personal\USGBC_NewApproach1\USGBC_LEED\Include\TestData\FilesToUpload\COO_1.pdf' sent to object: ''

2019-08-02 17:32:48 - [MESSAGE][PASSED] - Object '' has attribute 'class' with value 'tiny ui button'

2019-08-02 17:32:55 - [MESSAGE][PASSED] - Delayed 7 second(s)

2019-08-02 17:32:55 - [MESSAGE][PASSED] - File 'G:\Sabareesh\Personal\USGBC_NewApproach1\USGBC_LEED\Include\TestData\FilesToUpload\ZZ.pdf' sent to object: ''

2019-08-02 17:32:58 - [MESSAGE][PASSED] - Delayed 3 second(s)

2019-08-02 17:32:58 - [MESSAGE][PASSED] - Object '' has attribute 'class' with value 'tiny ui button'

2019-08-02 17:33:05 - [MESSAGE][PASSED] - Delayed 7 second(s)

2019-08-02 17:33:05 - [MESSAGE][PASSED] - File 'G:\Sabareesh\Personal\USGBC_NewApproach1\USGBC_LEED\Include\TestData\FilesToUpload\COO_1.pdf' sent to object: ''

2019-08-02 17:33:05 - [MESSAGE][PASSED] - Object '' has attribute 'class' with value 'tiny ui button'

2019-08-02 17:33:12 - [MESSAGE][PASSED] - Delayed 7 second(s)

2019-08-02 17:33:12 - [MESSAGE][PASSED] - File 'G:\Sabareesh\Personal\USGBC_NewApproach1\USGBC_LEED\Include\TestData\FilesToUpload\ZZ.pdf' sent to object: ''

2019-08-02 17:33:15 - [MESSAGE][PASSED] - Delayed 3 second(s)

2019-08-02 17:33:15 - [MESSAGE][PASSED] - Text of object '' is: 'ZZ.pdf'

2019-08-02 17:33:17 - [MESSAGE][PASSED] - Delayed 2 second(s)

2019-08-02 17:33:19 - [MESSAGE][PASSED] - Delayed 2 second(s)

2019-08-02 17:33:19 - [MESSAGE][PASSED] - ZZ.pdf is equal to ZZ.pdf

2019-08-02 17:33:19 - [MESSAGE][PASSED] - Actual text 'ZZ.pdf' and expected text 'ZZ.pdf' are matched 

2019-08-02 17:33:19 - [MESSAGE][PASSED] - Text of object '' is: 'COO_1.pdf'

2019-08-02 17:33:21 - [MESSAGE][PASSED] - Delayed 2 second(s)

2019-08-02 17:33:21 - [MESSAGE][PASSED] - COO_1.pdf is equal to COO_1.pdf

2019-08-02 17:33:21 - [MESSAGE][PASSED] - Actual text 'COO_1.pdf' and expected text 'COO_1.pdf' are matched 

2019-08-02 17:33:21 - [MESSAGE][PASSED] - Text of object '' is: 'COO_1.pdf'

2019-08-02 17:33:23 - [MESSAGE][PASSED] - Delayed 2 second(s)

2019-08-02 17:33:23 - [MESSAGE][PASSED] - COO_1.pdf is equal to COO_1.pdf

2019-08-02 17:33:23 - [MESSAGE][PASSED] - Actual text 'COO_1.pdf' and expected text 'COO_1.pdf' are matched 

2019-08-02 17:33:23 - [MESSAGE][PASSED] - Text of object '' is: 'ZZ.pdf'

2019-08-02 17:33:25 - [MESSAGE][PASSED] - Delayed 2 second(s)

2019-08-02 17:33:27 - [MESSAGE][PASSED] - Delayed 2 second(s)

2019-08-02 17:33:27 - [MESSAGE][PASSED] - ZZ.pdf is equal to ZZ.pdf

2019-08-02 17:33:27 - [MESSAGE][PASSED] - Actual text 'ZZ.pdf' and expected text 'ZZ.pdf' are matched 

2019-08-02 17:33:29 - [MESSAGE][PASSED] - Text 'Known that everybody have the personal aim. It is defferent . For example, there are some people think that the most important thing in them life is career. While there are other people think that is family. me too. The most important thing with my life is my small and big family.7G5DP' is set on object ''

2019-08-02 17:33:31 - [MESSAGE][PASSED] - Delayed 2 second(s)

2019-08-02 17:33:31 - [MESSAGE][PASSED] - Text of object '' is: 'Known that everybody have the personal aim. It is defferent . For example, there are some people think that the most important thing in them life is career. While there are other people think that is family. me too. The most important thing with my life is my small and big family.7G5DP'

2019-08-02 17:33:31 - [MESSAGE][PASSED] - Actual text 'Known that everybody have the personal aim. It is defferent . For example, there are some people think that the most important thing in them life is career. While there are other people think that is family. me too. The most important thing with my life is my small and big family.7G5DP' and expected text 'Known that everybody have the personal aim. It is defferent . For example, there are some people think that the most important thing in them life is career. While there are other people think that is family. me too. The most important thing with my life is my small and big family.7G5DP' are matched 

2019-08-02 17:33:32 - [MESSAGE][PASSED] - Text '1' is set on object ''

2019-08-02 17:33:34 - [MESSAGE][PASSED] - Delayed 2 second(s)

2019-08-02 17:33:34 - [MESSAGE][PASSED] - Attribute 'value' of object '' is: '1'

2019-08-02 17:33:34 - [MESSAGE][PASSED] - Actual text '1' and expected text '1' are matched 

2019-08-02 17:33:34 - [MESSAGE][PASSED] - Text '33' is set on object ''

2019-08-02 17:33:36 - [MESSAGE][PASSED] - Delayed 2 second(s)

2019-08-02 17:33:36 - [MESSAGE][PASSED] - Attribute 'value' of object '' is: '33'

2019-08-02 17:33:36 - [MESSAGE][PASSED] - Actual text '33' and expected text '33' are matched 

2019-08-02 17:33:36 - [MESSAGE][PASSED] - Text '44' is set on object ''

2019-08-02 17:33:38 - [MESSAGE][PASSED] - Delayed 2 second(s)

2019-08-02 17:33:38 - [MESSAGE][PASSED] - Attribute 'value' of object '' is: '44'

2019-08-02 17:33:38 - [MESSAGE][PASSED] - Actual text '44' and expected text '44' are matched 

2019-08-02 17:33:38 - [MESSAGE][PASSED] - Object: '' is clicked on

2019-08-02 17:33:38 - [MESSAGE][PASSED] - Text '2' is set on object ''

2019-08-02 17:33:40 - [MESSAGE][PASSED] - Delayed 2 second(s)

2019-08-02 17:33:40 - [MESSAGE][PASSED] - Attribute 'value' of object '' is: '2'

2019-08-02 17:33:40 - [MESSAGE][PASSED] - Actual text '2' and expected text '2' are matched 

2019-08-02 17:33:40 - [MESSAGE][PASSED] - Text '55' is set on object ''

2019-08-02 17:33:42 - [MESSAGE][PASSED] - Delayed 2 second(s)

2019-08-02 17:33:43 - [MESSAGE][PASSED] - Attribute 'value' of object '' is: '55'

2019-08-02 17:33:43 - [MESSAGE][PASSED] - Actual text '55' and expected text '55' are matched 

2019-08-02 17:33:43 - [MESSAGE][PASSED] - Text '44' is set on object ''

2019-08-02 17:33:45 - [MESSAGE][PASSED] - Delayed 2 second(s)

2019-08-02 17:33:45 - [MESSAGE][PASSED] - Attribute 'value' of object '' is: '44'

2019-08-02 17:33:45 - [MESSAGE][PASSED] - Actual text '44' and expected text '44' are matched 

2019-08-02 17:33:45 - [MESSAGE][PASSED] - Object: '' is clicked on

2019-08-02 17:33:45 - [MESSAGE][PASSED] - Text '3' is set on object ''

2019-08-02 17:33:47 - [MESSAGE][PASSED] - Delayed 2 second(s)

2019-08-02 17:33:47 - [MESSAGE][PASSED] - Attribute 'value' of object '' is: '3'

2019-08-02 17:33:47 - [MESSAGE][PASSED] - Actual text '3' and expected text '3' are matched 

2019-08-02 17:33:47 - [MESSAGE][PASSED] - Text '244' is set on object ''

2019-08-02 17:33:49 - [MESSAGE][PASSED] - Delayed 2 second(s)

2019-08-02 17:33:49 - [MESSAGE][PASSED] - Attribute 'value' of object '' is: '244'

2019-08-02 17:33:49 - [MESSAGE][PASSED] - Actual text '244' and expected text '244' are matched 

2019-08-02 17:33:49 - [MESSAGE][PASSED] - Text '556' is set on object ''

2019-08-02 17:33:51 - [MESSAGE][PASSED] - Delayed 2 second(s)

2019-08-02 17:33:51 - [MESSAGE][PASSED] - Attribute 'value' of object '' is: '556'

2019-08-02 17:33:51 - [MESSAGE][PASSED] - Actual text '556' and expected text '556' are matched 

2019-08-02 17:33:55 - [MESSAGE][PASSED] - Delayed 4 second(s)

2019-08-02 17:33:56 - [MESSAGE][PASSED] - Object: '' is clicked on

2019-08-02 17:34:00 - [MESSAGE][PASSED] - Delayed 4 second(s)

2019-08-02 17:34:00 - [MESSAGE][PASSED] - Text 'Form data saved successfully.' is present on page 

2019-08-02 17:34:06 - [MESSAGE][PASSED] - Delayed 6 second(s)

2019-08-02 17:34:08 - [MESSAGE][PASSED] - Delayed 2 second(s)

2019-08-02 17:34:08 - [MESSAGE][PASSED] - Object '' is present

2019-08-02 17:34:08 - [MESSAGE][PASSED] - Object: '' is clicked on

2019-08-02 17:34:18 - [MESSAGE][PASSED] - Delayed 10 second(s)

2019-08-02 17:34:24 - [MESSAGE][PASSED] - Delayed 6 second(s)

2019-08-02 17:34:24 - [MESSAGE][PASSED] - Text of object '' is: 'Known that everybody have the personal aim. It is defferent . For example, there are some people think that the most important thing in them life is career. While there are other people think that is family. me too. The most important thing with my life is my small and big family.7G5DP'

2019-08-02 17:34:24 - [MESSAGE][PASSED] - Actual text 'Found' and expected text 'Found' are matched 

2019-08-02 17:34:24 - [MESSAGE][PASSED] - Actual text 'Found' and expected text 'Found' are matched 

2019-08-02 17:34:25 - [MESSAGE][PASSED] - Actual text 'Found' and expected text 'Found' are matched 

2019-08-02 17:34:33 - [MESSAGE][PASSED] - Delayed 8 second(s)

2019-08-02 17:34:33 - [MESSAGE][PASSED] - Actual text 'Found' and expected text 'Found' are matched 

2019-08-02 17:34:33 - [MESSAGE][PASSED] - Object: '' is clicked on

2019-08-02 17:34:35 - [MESSAGE][PASSED] - Delayed 2 second(s)

2019-08-02 17:34:35 - [MESSAGE][PASSED] - Object: '' is clicked on

2019-08-02 17:34:37 - [MESSAGE][PASSED] - Delayed 2 second(s)

2019-08-02 17:34:40 - [MESSAGE][PASSED] - Delayed 3 second(s)

2019-08-02 17:34:40 - [MESSAGE][PASSED] - Object: '' is clicked on

2019-08-02 17:34:42 - [MESSAGE][PASSED] - Navigate back successfully

2019-08-02 17:34:44 - [MESSAGE][PASSED] - Delayed 2 second(s)

2019-08-02 17:34:44 - [MESSAGE][PASSED] - Object: '' is clicked on

2019-08-02 17:34:49 - [MESSAGE][PASSED] - Delayed 5 second(s)

2019-08-02 17:34:51 - [MESSAGE][PASSED] - Delayed 2 second(s)

2019-08-02 17:34:53 - [MESSAGE][PASSED] - Navigate forward successfully

2019-08-02 17:34:55 - [MESSAGE][PASSED] - Delayed 2 second(s)

2019-08-02 17:35:00 - [MESSAGE][PASSED] - Delayed 5 second(s)

2019-08-02 17:35:01 - [MESSAGE][PASSED] - Object: '' is clicked on

2019-08-02 17:35:01 - [MESSAGE][PASSED] - Text of object '' is: 'COO_1.pdf'

2019-08-02 17:35:06 - [MESSAGE][PASSED] - Delayed 5 second(s)

2019-08-02 17:35:06 - [MESSAGE][PASSED] - Object: '' is hovered

2019-08-02 17:35:08 - [MESSAGE][PASSED] - Delayed 2 second(s)

2019-08-02 17:35:10 - [MESSAGE][PASSED] - Delayed 2 second(s)

2019-08-02 17:35:15 - [MESSAGE][PASSED] - Delayed 5 second(s)

2019-08-02 17:35:15 - [MESSAGE][PASSED] - Object: '' is clicked on

2019-08-02 17:35:15 - [MESSAGE][PASSED] - Text of object '' is: 'ZZ.pdf'

2019-08-02 17:35:20 - [MESSAGE][PASSED] - Delayed 5 second(s)

2019-08-02 17:35:20 - [MESSAGE][PASSED] - Object: '' is hovered

2019-08-02 17:35:22 - [MESSAGE][PASSED] - Delayed 2 second(s)

2019-08-02 17:35:27 - [MESSAGE][PASSED] - Delayed 5 second(s)

2019-08-02 17:35:29 - [MESSAGE][PASSED] - Delayed 2 second(s)

2019-08-02 17:35:30 - [MESSAGE][PASSED] - Delayed 1 second(s)

2019-08-02 17:35:30 - [MESSAGE][PASSED] - COO_1.pdf exist in G:/Sabareesh/Personal/USGBC_NewApproach1/USGBC_LEED/Include/TestData/DownloadedFiles and was deleted

2019-08-02 17:35:30 - [MESSAGE][PASSED] - 

2019-08-02 17:35:30 - [MESSAGE][PASSED] - Actual text 'COO_1.pdf' and expected text 'COO_1.pdf' are matched 

2019-08-02 17:35:32 - [MESSAGE][PASSED] - Delayed 2 second(s)

2019-08-02 17:35:34 - [MESSAGE][PASSED] - Delayed 2 second(s)

2019-08-02 17:35:35 - [MESSAGE][PASSED] - Delayed 1 second(s)

2019-08-02 17:35:35 - [MESSAGE][PASSED] - ZZ.pdf exist in G:/Sabareesh/Personal/USGBC_NewApproach1/USGBC_LEED/Include/TestData/DownloadedFiles and was deleted

2019-08-02 17:35:35 - [MESSAGE][PASSED] - 

2019-08-02 17:35:35 - [MESSAGE][PASSED] - Actual text 'ZZ.pdf' and expected text 'ZZ.pdf' are matched 

2019-08-02 17:35:37 - [MESSAGE][PASSED] - Delayed 2 second(s)

2019-08-02 17:35:39 - [MESSAGE][PASSED] - Delayed 2 second(s)

2019-08-02 17:35:44 - [MESSAGE][PASSED] - Delayed 5 second(s)

2019-08-02 17:35:44 - [MESSAGE][PASSED] - Object: '' is clicked on

2019-08-02 17:35:44 - [MESSAGE][PASSED] - Text of object '' is: 'ZZ.pdf'

2019-08-02 17:35:49 - [MESSAGE][PASSED] - Delayed 5 second(s)

2019-08-02 17:35:49 - [MESSAGE][PASSED] - Object: '' is hovered

2019-08-02 17:35:51 - [MESSAGE][PASSED] - Delayed 2 second(s)

2019-08-02 17:35:53 - [MESSAGE][PASSED] - Delayed 2 second(s)

2019-08-02 17:35:58 - [MESSAGE][PASSED] - Delayed 5 second(s)

2019-08-02 17:35:59 - [MESSAGE][PASSED] - Object: '' is clicked on

2019-08-02 17:35:59 - [MESSAGE][PASSED] - Text of object '' is: 'COO_1.pdf'

2019-08-02 17:36:04 - [MESSAGE][PASSED] - Delayed 5 second(s)

2019-08-02 17:36:04 - [MESSAGE][PASSED] - Object: '' is hovered

2019-08-02 17:36:06 - [MESSAGE][PASSED] - Delayed 2 second(s)

2019-08-02 17:36:11 - [MESSAGE][PASSED] - Delayed 5 second(s)

2019-08-02 17:36:13 - [MESSAGE][PASSED] - Delayed 2 second(s)

2019-08-02 17:36:14 - [MESSAGE][PASSED] - Delayed 1 second(s)

2019-08-02 17:36:14 - [MESSAGE][PASSED] - COO_1.pdf exist in G:/Sabareesh/Personal/USGBC_NewApproach1/USGBC_LEED/Include/TestData/DownloadedFiles and was deleted

2019-08-02 17:36:14 - [MESSAGE][PASSED] - 

2019-08-02 17:36:14 - [MESSAGE][PASSED] - Actual text 'COO_1.pdf' and expected text 'COO_1.pdf' are matched 

2019-08-02 17:36:16 - [MESSAGE][PASSED] - Delayed 2 second(s)

2019-08-02 17:36:18 - [MESSAGE][PASSED] - Delayed 2 second(s)

2019-08-02 17:36:19 - [MESSAGE][PASSED] - Delayed 1 second(s)

2019-08-02 17:36:19 - [MESSAGE][PASSED] - ZZ.pdf exist in G:/Sabareesh/Personal/USGBC_NewApproach1/USGBC_LEED/Include/TestData/DownloadedFiles and was deleted

2019-08-02 17:36:19 - [MESSAGE][PASSED] - 

2019-08-02 17:36:19 - [MESSAGE][PASSED] - Actual text 'ZZ.pdf' and expected text 'ZZ.pdf' are matched 

2019-08-02 17:36:21 - [MESSAGE][PASSED] - Delayed 2 second(s)

2019-08-02 17:36:21 - [MESSAGE][PASSED] - Object: '' is clicked on

2019-08-02 17:36:23 - [MESSAGE][PASSED] - Delayed 2 second(s)

2019-08-02 17:36:23 - [MESSAGE][PASSED] - Object: '' is clicked on

2019-08-02 17:36:26 - [MESSAGE][PASSED] - Delayed 3 second(s)

2019-08-02 17:36:26 - [MESSAGE][PASSED] - Object '' is present

2019-08-02 17:36:28 - [MESSAGE][PASSED] - Delayed 2 second(s)

2019-08-02 17:36:33 - [MESSAGE][PASSED] - Delayed 5 second(s)

2019-08-02 17:36:33 - [MESSAGE][PASSED] - Object: '' is clicked on

2019-08-02 17:36:35 - [MESSAGE][PASSED] - Delayed 2 second(s)

2019-08-02 17:36:35 - [MESSAGE][PASSED] - Object: '' is clicked on

2019-08-02 17:36:37 - [MESSAGE][PASSED] - Delayed 2 second(s)

2019-08-02 17:36:39 - [MESSAGE][PASSED] - Delayed 2 second(s)

2019-08-02 17:36:44 - [MESSAGE][PASSED] - Delayed 5 second(s)

2019-08-02 17:36:45 - [MESSAGE][PASSED] - Object: '' is clicked on

2019-08-02 17:36:47 - [MESSAGE][PASSED] - Delayed 2 second(s)

2019-08-02 17:36:47 - [MESSAGE][PASSED] - Object: '' is clicked on

2019-08-02 17:36:49 - [MESSAGE][PASSED] - Delayed 2 second(s)

2019-08-02 17:36:54 - [MESSAGE][PASSED] - Delayed 5 second(s)

2019-08-02 17:36:54 - [MESSAGE][PASSED] - Web element with id: '' located by 'By.xpath: (//table[@class='ui collapsing celled table unstackable'])[2]' is not present after '2' second(s)

2019-08-02 17:36:56 - [MESSAGE][PASSED] - Delayed 2 second(s)

2019-08-02 17:37:01 - [MESSAGE][PASSED] - Delayed 5 second(s)

2019-08-02 17:37:01 - [MESSAGE][PASSED] - Object: '' is clicked on

2019-08-02 17:37:03 - [MESSAGE][PASSED] - Delayed 2 second(s)

2019-08-02 17:37:03 - [MESSAGE][PASSED] - Object: '' is clicked on

2019-08-02 17:37:05 - [MESSAGE][PASSED] - Delayed 2 second(s)

2019-08-02 17:37:07 - [MESSAGE][PASSED] - Delayed 2 second(s)

2019-08-02 17:37:12 - [MESSAGE][PASSED] - Delayed 5 second(s)

2019-08-02 17:37:12 - [MESSAGE][PASSED] - Object: '' is clicked on

2019-08-02 17:37:14 - [MESSAGE][PASSED] - Delayed 2 second(s)

2019-08-02 17:37:14 - [MESSAGE][PASSED] - Object: '' is clicked on

2019-08-02 17:37:16 - [MESSAGE][PASSED] - Delayed 2 second(s)

2019-08-02 17:37:21 - [MESSAGE][PASSED] - Delayed 5 second(s)

2019-08-02 17:37:21 - [MESSAGE][PASSED] - Web element with id: '' located by 'By.xpath: (//table[@class='ui collapsing celled table unstackable'])[1]' is not present after '2' second(s)

2019-08-02 17:37:22 - [TEST_CASE][PASSED] - Test Cases/TC_Login: Test Cases/TC_Login

2019-08-02 17:37:22 - [TEST_STEP][PASSED] - runWithCucumberRunner(common.LoginRunner): Run with 'common.LoginRunner' was passed

2019-08-02 17:37:22 - [MESSAGE][WARNING] - A browser is already opened. Closing browser and opening a new one

2019-08-02 17:37:22 - [MESSAGE][INFO] - Starting 'Chrome (headless)' driver

2019-08-02 17:37:25 - [MESSAGE][PASSED] - Browser is opened with url: ''

2019-08-02 17:37:26 - [MESSAGE][PASSED] - Current window maximized

2019-08-02 17:37:27 - [MESSAGE][PASSED] - Navigate to 'https://leedonline-stg.usgbc.org' successfully

2019-08-02 17:37:28 - [MESSAGE][PASSED] - Text 'automationbdd9@gmail.com' is set on object ''

2019-08-02 17:37:28 - [MESSAGE][PASSED] - Text 'initpass' is set on object ''

2019-08-02 17:37:31 - [MESSAGE][PASSED] - Delayed 3 second(s)

2019-08-02 17:37:31 - [MESSAGE][PASSED] - Scroll to object '' successfully

2019-08-02 17:37:31 - [MESSAGE][PASSED] - Object '' is checked

2019-08-02 17:37:35 - [MESSAGE][PASSED] - Delayed 4 second(s)

2019-08-02 17:37:35 - [MESSAGE][PASSED] - The form containing object: '' is submitted

2019-08-02 17:37:35 - [MESSAGE][PASSED] - Run with 'common.LoginRunner' was passed

2019-08-02 17:37:35 - [MESSAGE][PASSED] - Call Test Case 'Test Cases/TC_Login' successfully

2019-08-02 17:37:44 - [MESSAGE][PASSED] - Object: '' is clicked on

2019-08-02 17:37:45 - [MESSAGE][PASSED] - Object: '' is clicked on

2019-08-02 17:37:47 - [MESSAGE][PASSED] - Delayed 2 second(s)

2019-08-02 17:37:47 - [MESSAGE][PASSED] - Text of object '' is: 'READY FOR REVIEW'

2019-08-02 17:37:48 - [MESSAGE][PASSED] - Object: '' is clicked on

2019-08-02 17:37:53 - [MESSAGE][PASSED] - Delayed 5 second(s)

2019-08-02 17:37:56 - [MESSAGE][PASSED] - Delayed 3 second(s)

2019-08-02 17:37:58 - [MESSAGE][PASSED] - Delayed 2 second(s)

2019-08-02 17:37:58 - [MESSAGE][PASSED] - Object: '' is clicked on

2019-08-02 17:37:58 - [MESSAGE][PASSED] - Text of object '' is: 'Light Pollution Reduction'

2019-08-02 17:38:01 - [MESSAGE][PASSED] - Delayed 3 second(s)

2019-08-02 17:38:04 - [MESSAGE][PASSED] - Object: '' is clicked on

2019-08-02 17:38:09 - [MESSAGE][PASSED] - Delayed 5 second(s)

2019-08-02 17:38:09 - [MESSAGE][PASSED] - Object: '' is clicked on

2019-08-02 17:38:19 - [MESSAGE][PASSED] - Delayed 10 second(s)

2019-08-02 17:38:19 - [MESSAGE][PASSED] - Object '' is present

2019-08-02 17:38:19 - [MESSAGE][PASSED] - Text of object '' is: 'Last draft saved on: 02 Aug 2019 05:38:14 PM  Clear draft'

2019-08-02 17:38:29 - [MESSAGE][PASSED] - Delayed 10 second(s)

2019-08-02 17:38:29 - [MESSAGE][PASSED] - Text of object '' is: 'Last draft saved on: 02 Aug 2019 05:38:24 PM  Clear draft'

2019-08-02 17:38:29 - [MESSAGE][PASSED] - Actual text 'Last draft saved on: 02 Aug 2019 05:38:14 PM  Clear draft' and expected text 'Last draft saved on: 02 Aug 2019 05:38:24 PM  Clear draft' are not matched 

2019-08-02 17:38:30 - [MESSAGE][PASSED] - Text 'Because I see the mind is the most important.6DDP7' is set on object ''

2019-08-02 17:38:32 - [MESSAGE][PASSED] - Delayed 2 second(s)

2019-08-02 17:38:32 - [MESSAGE][PASSED] - Text of object '' is: 'Because I see the mind is the most important.6DDP7'

2019-08-02 17:38:32 - [MESSAGE][PASSED] - Actual text 'Because I see the mind is the most important.6DDP7' and expected text 'Because I see the mind is the most important.6DDP7' are matched 

2019-08-02 17:38:42 - [MESSAGE][PASSED] - Delayed 10 second(s)

2019-08-02 17:38:42 - [MESSAGE][PASSED] - Text of object '' is: 'Last draft saved on: 02 Aug 2019 05:38:34 PM  Clear draft'

2019-08-02 17:38:42 - [MESSAGE][PASSED] - Actual text 'Last draft saved on: 02 Aug 2019 05:38:24 PM  Clear draft' and expected text 'Last draft saved on: 02 Aug 2019 05:38:34 PM  Clear draft' are not matched 

2019-08-02 17:38:52 - [MESSAGE][PASSED] - Delayed 10 second(s)

2019-08-02 17:38:52 - [MESSAGE][PASSED] - Text of object '' is: 'Last draft saved on: 02 Aug 2019 05:38:34 PM  Clear draft'

2019-08-02 17:38:52 - [MESSAGE][PASSED] - Actual text 'Last draft saved on: 02 Aug 2019 05:38:34 PM  Clear draft' and expected text 'Last draft saved on: 02 Aug 2019 05:38:34 PM  Clear draft' are matched 

2019-08-02 17:38:52 - [MESSAGE][PASSED] - Object '' has attribute 'class' with value 'tiny ui button'

2019-08-02 17:38:59 - [MESSAGE][PASSED] - Delayed 7 second(s)

2019-08-02 17:38:59 - [MESSAGE][PASSED] - File 'G:\Sabareesh\Personal\USGBC_NewApproach1\USGBC_LEED\Include\TestData\FilesToUpload\COO_1.pdf' sent to object: ''

2019-08-02 17:38:59 - [MESSAGE][PASSED] - Object '' has attribute 'class' with value 'tiny ui button'

2019-08-02 17:39:06 - [MESSAGE][PASSED] - Delayed 7 second(s)

2019-08-02 17:39:06 - [MESSAGE][PASSED] - File 'G:\Sabareesh\Personal\USGBC_NewApproach1\USGBC_LEED\Include\TestData\FilesToUpload\ZZ.pdf' sent to object: ''

2019-08-02 17:39:09 - [MESSAGE][PASSED] - Delayed 3 second(s)

2019-08-02 17:39:09 - [MESSAGE][PASSED] - Object '' has attribute 'class' with value 'tiny ui button'

2019-08-02 17:39:16 - [MESSAGE][PASSED] - Delayed 7 second(s)

2019-08-02 17:39:16 - [MESSAGE][PASSED] - File 'G:\Sabareesh\Personal\USGBC_NewApproach1\USGBC_LEED\Include\TestData\FilesToUpload\COO_1.pdf' sent to object: ''

2019-08-02 17:39:16 - [MESSAGE][PASSED] - Object '' has attribute 'class' with value 'tiny ui button'

2019-08-02 17:39:23 - [MESSAGE][PASSED] - Delayed 7 second(s)

2019-08-02 17:39:23 - [MESSAGE][PASSED] - File 'G:\Sabareesh\Personal\USGBC_NewApproach1\USGBC_LEED\Include\TestData\FilesToUpload\ZZ.pdf' sent to object: ''

2019-08-02 17:39:26 - [MESSAGE][PASSED] - Delayed 3 second(s)

2019-08-02 17:39:36 - [MESSAGE][PASSED] - Delayed 10 second(s)

2019-08-02 17:39:36 - [MESSAGE][PASSED] - Text of object '' is: 'Last draft saved on: 02 Aug 2019 05:38:34 PM  Clear draft'

2019-08-02 17:39:36 - [MESSAGE][PASSED] - Actual text 'Last draft saved on: 02 Aug 2019 05:38:34 PM  Clear draft' and expected text 'Last draft saved on: 02 Aug 2019 05:38:34 PM  Clear draft' are matched 

2019-08-02 17:39:37 - [MESSAGE][PASSED] - Object: '' is clicked on

2019-08-02 17:39:38 - [MESSAGE][PASSED] - Object: '' is clicked on

2019-08-02 17:39:40 - [MESSAGE][PASSED] - Delayed 2 second(s)

2019-08-02 17:39:40 - [TEST_CASE][PASSED] - Test Cases/TC_Login: Test Cases/TC_Login

2019-08-02 17:39:40 - [TEST_STEP][PASSED] - runWithCucumberRunner(common.LoginRunner): Run with 'common.LoginRunner' was passed

2019-08-02 17:39:40 - [MESSAGE][WARNING] - A browser is already opened. Closing browser and opening a new one

2019-08-02 17:39:40 - [MESSAGE][INFO] - Starting 'Chrome (headless)' driver

2019-08-02 17:39:43 - [MESSAGE][PASSED] - Browser is opened with url: ''

2019-08-02 17:39:44 - [MESSAGE][PASSED] - Current window maximized

2019-08-02 17:39:45 - [MESSAGE][PASSED] - Navigate to 'https://leedonline-stg.usgbc.org' successfully

2019-08-02 17:39:46 - [MESSAGE][PASSED] - Text 'automationbdd9@gmail.com' is set on object ''

2019-08-02 17:39:46 - [MESSAGE][PASSED] - Text 'initpass' is set on object ''

2019-08-02 17:39:49 - [MESSAGE][PASSED] - Delayed 3 second(s)

2019-08-02 17:39:49 - [MESSAGE][PASSED] - Scroll to object '' successfully

2019-08-02 17:39:49 - [MESSAGE][PASSED] - Object '' is checked

2019-08-02 17:39:53 - [MESSAGE][PASSED] - Delayed 4 second(s)

2019-08-02 17:39:53 - [MESSAGE][PASSED] - The form containing object: '' is submitted

2019-08-02 17:39:53 - [MESSAGE][PASSED] - Run with 'common.LoginRunner' was passed

2019-08-02 17:39:53 - [MESSAGE][PASSED] - Call Test Case 'Test Cases/TC_Login' successfully

2019-08-02 17:39:55 - [MESSAGE][PASSED] - Delayed 2 second(s)

2019-08-02 17:40:01 - [MESSAGE][PASSED] - Object: '' is clicked on

2019-08-02 17:40:03 - [MESSAGE][PASSED] - Delayed 2 second(s)

2019-08-02 17:40:05 - [MESSAGE][PASSED] - Object: '' is clicked on

2019-08-02 17:40:07 - [MESSAGE][PASSED] - Delayed 2 second(s)

2019-08-02 17:40:09 - [MESSAGE][PASSED] - Delayed 2 second(s)

2019-08-02 17:40:09 - [MESSAGE][PASSED] - Object: '' is clicked on

2019-08-02 17:40:09 - [MESSAGE][PASSED] - Text of object '' is: 'Light Pollution Reduction'

2019-08-02 17:40:12 - [MESSAGE][PASSED] - Delayed 3 second(s)

2019-08-02 17:40:15 - [MESSAGE][PASSED] - Object: '' is clicked on

2019-08-02 17:40:19 - [MESSAGE][PASSED] - Delayed 4 second(s)

2019-08-02 17:40:19 - [MESSAGE][PASSED] - Object '' is present

2019-08-02 17:40:19 - [MESSAGE][PASSED] - Text of object '' is: 'Last draft saved on: 02 Aug 2019 05:38:34 PM  Clear draft'

2019-08-02 17:40:19 - [MESSAGE][PASSED] - Actual text 'Last draft saved on: 02 Aug 2019 05:38:34 PM  Clear draft' and expected text 'Last draft saved on: 02 Aug 2019 05:38:34 PM  Clear draft' are matched 

2019-08-02 17:40:19 - [MESSAGE][PASSED] - Object: '' is clicked on

2019-08-02 17:40:23 - [MESSAGE][PASSED] - Delayed 4 second(s)

2019-08-02 17:40:25 - [MESSAGE][PASSED] - Delayed 2 second(s)

2019-08-02 17:40:30 - [MESSAGE][PASSED] - Delayed 5 second(s)

2019-08-02 17:40:31 - [MESSAGE][PASSED] - Object: '' is clicked on

2019-08-02 17:40:33 - [MESSAGE][PASSED] - Delayed 2 second(s)

2019-08-02 17:40:33 - [MESSAGE][PASSED] - Object: '' is clicked on

2019-08-02 17:40:35 - [MESSAGE][PASSED] - Delayed 2 second(s)

2019-08-02 17:40:37 - [MESSAGE][PASSED] - Delayed 2 second(s)

2019-08-02 17:40:42 - [MESSAGE][PASSED] - Delayed 5 second(s)

2019-08-02 17:40:42 - [MESSAGE][PASSED] - Object: '' is clicked on

2019-08-02 17:40:44 - [MESSAGE][PASSED] - Delayed 2 second(s)

2019-08-02 17:40:44 - [MESSAGE][PASSED] - Object: '' is clicked on

2019-08-02 17:40:46 - [MESSAGE][PASSED] - Delayed 2 second(s)

2019-08-02 17:40:51 - [MESSAGE][PASSED] - Delayed 5 second(s)

2019-08-02 17:40:51 - [MESSAGE][PASSED] - Web element with id: '' located by 'By.xpath: (//table[@class='ui collapsing celled table unstackable'])[2]' is not present after '2' second(s)

2019-08-02 17:40:53 - [MESSAGE][PASSED] - Delayed 2 second(s)

2019-08-02 17:40:58 - [MESSAGE][PASSED] - Delayed 5 second(s)

2019-08-02 17:40:58 - [MESSAGE][PASSED] - Object: '' is clicked on

2019-08-02 17:41:00 - [MESSAGE][PASSED] - Delayed 2 second(s)

2019-08-02 17:41:00 - [MESSAGE][PASSED] - Object: '' is clicked on

2019-08-02 17:41:02 - [MESSAGE][PASSED] - Delayed 2 second(s)

2019-08-02 17:41:04 - [MESSAGE][PASSED] - Delayed 2 second(s)

2019-08-02 17:41:09 - [MESSAGE][PASSED] - Delayed 5 second(s)

2019-08-02 17:41:10 - [MESSAGE][PASSED] - Object: '' is clicked on

2019-08-02 17:41:12 - [MESSAGE][PASSED] - Delayed 2 second(s)

2019-08-02 17:41:12 - [MESSAGE][PASSED] - Object: '' is clicked on

2019-08-02 17:41:14 - [MESSAGE][PASSED] - Delayed 2 second(s)

2019-08-02 17:41:19 - [MESSAGE][PASSED] - Delayed 5 second(s)

2019-08-02 17:41:19 - [MESSAGE][PASSED] - Web element with id: '' located by 'By.xpath: (//table[@class='ui collapsing celled table unstackable'])[1]' is not present after '2' second(s)

2019-08-02 17:41:19 - [MESSAGE][PASSED] - Web element with id: '' located by 'By.xpath: //a[contains(text(),'Clear draft')]' is not present after '3' second(s)

2019-08-02 17:41:19 - [MESSAGE][PASSED] - Web element with id: '' located by 'By.xpath: //div[contains(text(),'Form drafted and not yet saved!')]' is not present after '2' second(s)

2019-08-02 17:41:19 - [MESSAGE][PASSED] - Text 'Because I see the mind is the most important.PXOKR' is set on object ''

2019-08-02 17:41:21 - [MESSAGE][PASSED] - Delayed 2 second(s)

2019-08-02 17:41:21 - [MESSAGE][PASSED] - Text of object '' is: 'Because I see the mind is the most important.PXOKR'

2019-08-02 17:41:21 - [MESSAGE][PASSED] - Actual text 'Because I see the mind is the most important.PXOKR' and expected text 'Because I see the mind is the most important.PXOKR' are matched 

2019-08-02 17:41:31 - [MESSAGE][PASSED] - Delayed 10 second(s)

2019-08-02 17:41:31 - [MESSAGE][PASSED] - Text of object '' is: 'Last draft saved on: 02 Aug 2019 05:41:29 PM  Clear draft'

2019-08-02 17:41:31 - [MESSAGE][PASSED] - Actual text 'Last draft saved on: 02 Aug 2019 05:38:34 PM  Clear draft' and expected text 'Last draft saved on: 02 Aug 2019 05:41:29 PM  Clear draft' are not matched 

2019-08-02 17:41:35 - [MESSAGE][PASSED] - Delayed 4 second(s)

2019-08-02 17:41:36 - [MESSAGE][PASSED] - Object: '' is clicked on

2019-08-02 17:41:38 - [MESSAGE][PASSED] - Delayed 2 second(s)

2019-08-02 17:41:38 - [MESSAGE][PASSED] - Object: '' is clicked on

2019-08-02 17:41:43 - [MESSAGE][PASSED] - Delayed 5 second(s)

2019-08-02 17:41:43 - [MESSAGE][PASSED] - Web element with id: '' located by 'By.xpath: //a[contains(text(),'Clear draft')]' is not present after '2' second(s)

2019-08-02 17:41:47 - [MESSAGE][PASSED] - Delayed 4 second(s)

2019-08-02 17:41:47 - [TEST_CASE][PASSED] - Test Cases/TC_Login: Test Cases/TC_Login

2019-08-02 17:41:47 - [TEST_STEP][PASSED] - runWithCucumberRunner(common.LoginRunner): Run with 'common.LoginRunner' was passed

2019-08-02 17:41:47 - [MESSAGE][WARNING] - A browser is already opened. Closing browser and opening a new one

2019-08-02 17:41:48 - [MESSAGE][INFO] - Starting 'Chrome (headless)' driver

2019-08-02 17:41:50 - [MESSAGE][PASSED] - Browser is opened with url: ''

2019-08-02 17:41:51 - [MESSAGE][PASSED] - Current window maximized

2019-08-02 17:41:53 - [MESSAGE][PASSED] - Navigate to 'https://leedonline-stg.usgbc.org' successfully

2019-08-02 17:41:53 - [MESSAGE][PASSED] - Text 'automationbdd9@gmail.com' is set on object ''

2019-08-02 17:41:54 - [MESSAGE][PASSED] - Text 'initpass' is set on object ''

2019-08-02 17:41:57 - [MESSAGE][PASSED] - Delayed 3 second(s)

2019-08-02 17:41:57 - [MESSAGE][PASSED] - Scroll to object '' successfully

2019-08-02 17:41:57 - [MESSAGE][PASSED] - Object '' is checked

2019-08-02 17:42:01 - [MESSAGE][PASSED] - Delayed 4 second(s)

2019-08-02 17:42:01 - [MESSAGE][PASSED] - The form containing object: '' is submitted

2019-08-02 17:42:01 - [MESSAGE][PASSED] - Run with 'common.LoginRunner' was passed

2019-08-02 17:42:01 - [MESSAGE][PASSED] - Call Test Case 'Test Cases/TC_Login' successfully

2019-08-02 17:42:09 - [MESSAGE][PASSED] - Object: '' is clicked on

2019-08-02 17:42:10 - [MESSAGE][PASSED] - Object: '' is clicked on

2019-08-02 17:42:12 - [MESSAGE][PASSED] - Delayed 2 second(s)

2019-08-02 17:42:12 - [MESSAGE][PASSED] - Text of object '' is: 'ATTEMPTED'

2019-08-02 17:42:15 - [MESSAGE][PASSED] - Delayed 3 second(s)

2019-08-02 17:42:17 - [MESSAGE][PASSED] - Delayed 2 second(s)

2019-08-02 17:42:17 - [MESSAGE][PASSED] - Object: '' is clicked on

2019-08-02 17:42:18 - [MESSAGE][PASSED] - Text of object '' is: 'Light Pollution Reduction'

2019-08-02 17:42:21 - [MESSAGE][PASSED] - Delayed 3 second(s)

2019-08-02 17:42:24 - [MESSAGE][PASSED] - Object: '' is clicked on

2019-08-02 17:42:29 - [MESSAGE][PASSED] - Delayed 5 second(s)

2019-08-02 17:42:29 - [MESSAGE][PASSED] - Object: '' is clicked on

2019-08-02 17:42:39 - [MESSAGE][PASSED] - Delayed 10 second(s)

2019-08-02 17:42:39 - [MESSAGE][PASSED] - Object '' is present

2019-08-02 17:42:39 - [MESSAGE][PASSED] - Text of object '' is: 'Last draft saved on: 02 Aug 2019 05:42:34 PM  Clear draft'

2019-08-02 17:42:40 - [MESSAGE][PASSED] - Text 'Because I see the mind is the most important.BH71G' is set on object ''

2019-08-02 17:42:42 - [MESSAGE][PASSED] - Delayed 2 second(s)

2019-08-02 17:42:42 - [MESSAGE][PASSED] - Text of object '' is: 'Because I see the mind is the most important.BH71G'

2019-08-02 17:42:42 - [MESSAGE][PASSED] - Actual text 'Because I see the mind is the most important.BH71G' and expected text 'Because I see the mind is the most important.BH71G' are matched 

2019-08-02 17:42:52 - [MESSAGE][PASSED] - Delayed 10 second(s)

2019-08-02 17:42:52 - [MESSAGE][PASSED] - Text of object '' is: 'Last draft saved on: 02 Aug 2019 05:42:44 PM  Clear draft'

2019-08-02 17:42:52 - [MESSAGE][PASSED] - Actual text 'Last draft saved on: 02 Aug 2019 05:42:34 PM  Clear draft' and expected text 'Last draft saved on: 02 Aug 2019 05:42:44 PM  Clear draft' are not matched 

2019-08-02 17:43:02 - [MESSAGE][PASSED] - Delayed 10 second(s)

2019-08-02 17:43:02 - [MESSAGE][PASSED] - Text of object '' is: 'Last draft saved on: 02 Aug 2019 05:42:44 PM  Clear draft'

2019-08-02 17:43:02 - [MESSAGE][PASSED] - Actual text 'Last draft saved on: 02 Aug 2019 05:42:44 PM  Clear draft' and expected text 'Last draft saved on: 02 Aug 2019 05:42:44 PM  Clear draft' are matched 

2019-08-02 17:43:02 - [MESSAGE][PASSED] - Object '' has attribute 'class' with value 'tiny ui button'

2019-08-02 17:43:09 - [MESSAGE][PASSED] - Delayed 7 second(s)

2019-08-02 17:43:09 - [MESSAGE][PASSED] - File 'G:\Sabareesh\Personal\USGBC_NewApproach1\USGBC_LEED\Include\TestData\FilesToUpload\COO_1.pdf' sent to object: ''

2019-08-02 17:43:09 - [MESSAGE][PASSED] - Object '' has attribute 'class' with value 'tiny ui button'

2019-08-02 17:43:16 - [MESSAGE][PASSED] - Delayed 7 second(s)

2019-08-02 17:43:16 - [MESSAGE][PASSED] - File 'G:\Sabareesh\Personal\USGBC_NewApproach1\USGBC_LEED\Include\TestData\FilesToUpload\ZZ.pdf' sent to object: ''

2019-08-02 17:43:19 - [MESSAGE][PASSED] - Delayed 3 second(s)

2019-08-02 17:43:19 - [MESSAGE][PASSED] - Object '' has attribute 'class' with value 'tiny ui button'

2019-08-02 17:43:26 - [MESSAGE][PASSED] - Delayed 7 second(s)

2019-08-02 17:43:26 - [MESSAGE][PASSED] - File 'G:\Sabareesh\Personal\USGBC_NewApproach1\USGBC_LEED\Include\TestData\FilesToUpload\COO_1.pdf' sent to object: ''

2019-08-02 17:43:26 - [MESSAGE][PASSED] - Object '' has attribute 'class' with value 'tiny ui button'

2019-08-02 17:43:33 - [MESSAGE][PASSED] - Delayed 7 second(s)

2019-08-02 17:43:33 - [MESSAGE][PASSED] - File 'G:\Sabareesh\Personal\USGBC_NewApproach1\USGBC_LEED\Include\TestData\FilesToUpload\ZZ.pdf' sent to object: ''

2019-08-02 17:43:36 - [MESSAGE][PASSED] - Delayed 3 second(s)

2019-08-02 17:43:46 - [MESSAGE][PASSED] - Delayed 10 second(s)

2019-08-02 17:43:46 - [MESSAGE][PASSED] - Text of object '' is: 'Last draft saved on: 02 Aug 2019 05:42:44 PM  Clear draft'

2019-08-02 17:43:46 - [MESSAGE][PASSED] - Actual text 'Last draft saved on: 02 Aug 2019 05:42:44 PM  Clear draft' and expected text 'Last draft saved on: 02 Aug 2019 05:42:44 PM  Clear draft' are matched 

2019-08-02 17:43:47 - [MESSAGE][PASSED] - Text '1' is set on object ''

2019-08-02 17:43:49 - [MESSAGE][PASSED] - Delayed 2 second(s)

2019-08-02 17:43:49 - [MESSAGE][PASSED] - Attribute 'value' of object '' is: '1'

2019-08-02 17:43:49 - [MESSAGE][PASSED] - Actual text '1' and expected text '1' are matched 

2019-08-02 17:43:49 - [MESSAGE][PASSED] - Text '33' is set on object ''

2019-08-02 17:43:51 - [MESSAGE][PASSED] - Delayed 2 second(s)

2019-08-02 17:43:51 - [MESSAGE][PASSED] - Attribute 'value' of object '' is: '33'

2019-08-02 17:43:51 - [MESSAGE][PASSED] - Actual text '33' and expected text '33' are matched 

2019-08-02 17:43:51 - [MESSAGE][PASSED] - Text '44' is set on object ''

2019-08-02 17:43:53 - [MESSAGE][PASSED] - Delayed 2 second(s)

2019-08-02 17:43:53 - [MESSAGE][PASSED] - Attribute 'value' of object '' is: '44'

2019-08-02 17:43:53 - [MESSAGE][PASSED] - Actual text '44' and expected text '44' are matched 

2019-08-02 17:43:53 - [MESSAGE][PASSED] - Object: '' is clicked on

2019-08-02 17:43:53 - [MESSAGE][PASSED] - Text '2' is set on object ''

2019-08-02 17:43:55 - [MESSAGE][PASSED] - Delayed 2 second(s)

2019-08-02 17:43:55 - [MESSAGE][PASSED] - Attribute 'value' of object '' is: '2'

2019-08-02 17:43:55 - [MESSAGE][PASSED] - Actual text '2' and expected text '2' are matched 

2019-08-02 17:43:55 - [MESSAGE][PASSED] - Text '55' is set on object ''

2019-08-02 17:43:57 - [MESSAGE][PASSED] - Delayed 2 second(s)

2019-08-02 17:43:57 - [MESSAGE][PASSED] - Attribute 'value' of object '' is: '55'

2019-08-02 17:43:57 - [MESSAGE][PASSED] - Actual text '55' and expected text '55' are matched 

2019-08-02 17:43:58 - [MESSAGE][PASSED] - Text '44' is set on object ''

2019-08-02 17:44:00 - [MESSAGE][PASSED] - Delayed 2 second(s)

2019-08-02 17:44:00 - [MESSAGE][PASSED] - Attribute 'value' of object '' is: '44'

2019-08-02 17:44:00 - [MESSAGE][PASSED] - Actual text '44' and expected text '44' are matched 

2019-08-02 17:44:00 - [MESSAGE][PASSED] - Object: '' is clicked on

2019-08-02 17:44:00 - [MESSAGE][PASSED] - Text '3' is set on object ''

2019-08-02 17:44:02 - [MESSAGE][PASSED] - Delayed 2 second(s)

2019-08-02 17:44:02 - [MESSAGE][PASSED] - Attribute 'value' of object '' is: '3'

2019-08-02 17:44:02 - [MESSAGE][PASSED] - Actual text '3' and expected text '3' are matched 

2019-08-02 17:44:02 - [MESSAGE][PASSED] - Text '244' is set on object ''

2019-08-02 17:44:04 - [MESSAGE][PASSED] - Delayed 2 second(s)

2019-08-02 17:44:04 - [MESSAGE][PASSED] - Attribute 'value' of object '' is: '244'

2019-08-02 17:44:04 - [MESSAGE][PASSED] - Actual text '244' and expected text '244' are matched 

2019-08-02 17:44:04 - [MESSAGE][PASSED] - Text '556' is set on object ''

2019-08-02 17:44:06 - [MESSAGE][PASSED] - Delayed 2 second(s)

2019-08-02 17:44:06 - [MESSAGE][PASSED] - Attribute 'value' of object '' is: '556'

2019-08-02 17:44:06 - [MESSAGE][PASSED] - Actual text '556' and expected text '556' are matched 

2019-08-02 17:44:10 - [MESSAGE][PASSED] - Delayed 4 second(s)

2019-08-02 17:44:20 - [MESSAGE][PASSED] - Delayed 10 second(s)

2019-08-02 17:44:20 - [MESSAGE][PASSED] - Text of object '' is: 'Last draft saved on: 02 Aug 2019 05:44:14 PM  Clear draft'

2019-08-02 17:44:20 - [MESSAGE][PASSED] - Actual text 'Last draft saved on: 02 Aug 2019 05:42:44 PM  Clear draft' and expected text 'Last draft saved on: 02 Aug 2019 05:44:14 PM  Clear draft' are not matched 

2019-08-02 17:44:21 - [MESSAGE][PASSED] - Object: '' is clicked on

2019-08-02 17:44:21 - [MESSAGE][PASSED] - Object: '' is clicked on

2019-08-02 17:44:23 - [MESSAGE][PASSED] - Delayed 2 second(s)

2019-08-02 17:44:24 - [TEST_CASE][PASSED] - Test Cases/TC_Login: Test Cases/TC_Login

2019-08-02 17:44:24 - [TEST_STEP][PASSED] - runWithCucumberRunner(common.LoginRunner): Run with 'common.LoginRunner' was passed

2019-08-02 17:44:24 - [MESSAGE][WARNING] - A browser is already opened. Closing browser and opening a new one

2019-08-02 17:44:24 - [MESSAGE][INFO] - Starting 'Chrome (headless)' driver

2019-08-02 17:44:27 - [MESSAGE][PASSED] - Browser is opened with url: ''

2019-08-02 17:44:28 - [MESSAGE][PASSED] - Current window maximized

2019-08-02 17:44:30 - [MESSAGE][PASSED] - Navigate to 'https://leedonline-stg.usgbc.org' successfully

2019-08-02 17:44:30 - [MESSAGE][PASSED] - Text 'automationbdd9@gmail.com' is set on object ''

2019-08-02 17:44:30 - [MESSAGE][PASSED] - Text 'initpass' is set on object ''

2019-08-02 17:44:33 - [MESSAGE][PASSED] - Delayed 3 second(s)

2019-08-02 17:44:33 - [MESSAGE][PASSED] - Scroll to object '' successfully

2019-08-02 17:44:33 - [MESSAGE][PASSED] - Object '' is checked

2019-08-02 17:44:37 - [MESSAGE][PASSED] - Delayed 4 second(s)

2019-08-02 17:44:38 - [MESSAGE][PASSED] - The form containing object: '' is submitted

2019-08-02 17:44:38 - [MESSAGE][PASSED] - Run with 'common.LoginRunner' was passed

2019-08-02 17:44:38 - [MESSAGE][PASSED] - Call Test Case 'Test Cases/TC_Login' successfully

2019-08-02 17:44:40 - [MESSAGE][PASSED] - Delayed 2 second(s)

2019-08-02 17:44:46 - [MESSAGE][PASSED] - Object: '' is clicked on

2019-08-02 17:44:48 - [MESSAGE][PASSED] - Delayed 2 second(s)

2019-08-02 17:44:49 - [MESSAGE][PASSED] - Object: '' is clicked on

2019-08-02 17:44:51 - [MESSAGE][PASSED] - Delayed 2 second(s)

2019-08-02 17:44:53 - [MESSAGE][PASSED] - Delayed 2 second(s)

2019-08-02 17:44:53 - [MESSAGE][PASSED] - Object: '' is clicked on

2019-08-02 17:44:53 - [MESSAGE][PASSED] - Text of object '' is: 'Light Pollution Reduction'

2019-08-02 17:44:56 - [MESSAGE][PASSED] - Delayed 3 second(s)

2019-08-02 17:45:00 - [MESSAGE][PASSED] - Object: '' is clicked on

2019-08-02 17:45:04 - [MESSAGE][PASSED] - Delayed 4 second(s)

2019-08-02 17:45:04 - [MESSAGE][PASSED] - Object '' is present

2019-08-02 17:45:04 - [MESSAGE][PASSED] - Text of object '' is: 'Last draft saved on: 02 Aug 2019 05:44:14 PM  Clear draft'

2019-08-02 17:45:04 - [MESSAGE][PASSED] - Actual text 'Last draft saved on: 02 Aug 2019 05:44:14 PM  Clear draft' and expected text 'Last draft saved on: 02 Aug 2019 05:44:14 PM  Clear draft' are matched 

2019-08-02 17:45:04 - [MESSAGE][PASSED] - Object: '' is clicked on

2019-08-02 17:45:08 - [MESSAGE][PASSED] - Delayed 4 second(s)

2019-08-02 17:45:10 - [MESSAGE][PASSED] - Delayed 2 second(s)

2019-08-02 17:45:15 - [MESSAGE][PASSED] - Delayed 5 second(s)

2019-08-02 17:45:15 - [MESSAGE][PASSED] - Object: '' is clicked on

2019-08-02 17:45:17 - [MESSAGE][PASSED] - Delayed 2 second(s)

2019-08-02 17:45:18 - [MESSAGE][PASSED] - Object: '' is clicked on

2019-08-02 17:45:20 - [MESSAGE][PASSED] - Delayed 2 second(s)

2019-08-02 17:45:22 - [MESSAGE][PASSED] - Delayed 2 second(s)

2019-08-02 17:45:27 - [MESSAGE][PASSED] - Delayed 5 second(s)

2019-08-02 17:45:27 - [MESSAGE][PASSED] - Object: '' is clicked on

2019-08-02 17:45:29 - [MESSAGE][PASSED] - Delayed 2 second(s)

2019-08-02 17:45:29 - [MESSAGE][PASSED] - Object: '' is clicked on

2019-08-02 17:45:31 - [MESSAGE][PASSED] - Delayed 2 second(s)

2019-08-02 17:45:36 - [MESSAGE][PASSED] - Delayed 5 second(s)

2019-08-02 17:45:36 - [MESSAGE][PASSED] - Web element with id: '' located by 'By.xpath: (//table[@class='ui collapsing celled table unstackable'])[2]' is not present after '2' second(s)

2019-08-02 17:45:38 - [MESSAGE][PASSED] - Delayed 2 second(s)

2019-08-02 17:45:43 - [MESSAGE][PASSED] - Delayed 5 second(s)

2019-08-02 17:45:43 - [MESSAGE][PASSED] - Object: '' is clicked on

2019-08-02 17:45:45 - [MESSAGE][PASSED] - Delayed 2 second(s)

2019-08-02 17:45:45 - [MESSAGE][PASSED] - Object: '' is clicked on

2019-08-02 17:45:47 - [MESSAGE][PASSED] - Delayed 2 second(s)

2019-08-02 17:45:49 - [MESSAGE][PASSED] - Delayed 2 second(s)

2019-08-02 17:45:54 - [MESSAGE][PASSED] - Delayed 5 second(s)

2019-08-02 17:45:54 - [MESSAGE][PASSED] - Object: '' is clicked on

2019-08-02 17:45:56 - [MESSAGE][PASSED] - Delayed 2 second(s)

2019-08-02 17:45:57 - [MESSAGE][PASSED] - Object: '' is clicked on

2019-08-02 17:45:59 - [MESSAGE][PASSED] - Delayed 2 second(s)

2019-08-02 17:46:04 - [MESSAGE][PASSED] - Delayed 5 second(s)

2019-08-02 17:46:04 - [MESSAGE][PASSED] - Web element with id: '' located by 'By.xpath: (//table[@class='ui collapsing celled table unstackable'])[1]' is not present after '2' second(s)

2019-08-02 17:46:04 - [MESSAGE][PASSED] - Web element with id: '' located by 'By.xpath: //a[contains(text(),'Clear draft')]' is not present after '3' second(s)

2019-08-02 17:46:04 - [MESSAGE][PASSED] - Web element with id: '' located by 'By.xpath: //div[contains(text(),'Form drafted and not yet saved!')]' is not present after '2' second(s)

2019-08-02 17:46:04 - [MESSAGE][PASSED] - Text 'Because I see the mind is the most important.1K1O2' is set on object ''

2019-08-02 17:46:06 - [MESSAGE][PASSED] - Delayed 2 second(s)

2019-08-02 17:46:06 - [MESSAGE][PASSED] - Text of object '' is: 'Because I see the mind is the most important.1K1O2'

2019-08-02 17:46:06 - [MESSAGE][PASSED] - Actual text 'Because I see the mind is the most important.1K1O2' and expected text 'Because I see the mind is the most important.1K1O2' are matched 

2019-08-02 17:46:16 - [MESSAGE][PASSED] - Delayed 10 second(s)

2019-08-02 17:46:16 - [MESSAGE][PASSED] - Text of object '' is: 'Last draft saved on: 02 Aug 2019 05:46:14 PM  Clear draft'

2019-08-02 17:46:16 - [MESSAGE][PASSED] - Actual text 'Last draft saved on: 02 Aug 2019 05:44:14 PM  Clear draft' and expected text 'Last draft saved on: 02 Aug 2019 05:46:14 PM  Clear draft' are not matched 

2019-08-02 17:46:20 - [MESSAGE][PASSED] - Delayed 4 second(s)

2019-08-02 17:46:20 - [MESSAGE][PASSED] - Object: '' is clicked on

2019-08-02 17:46:23 - [MESSAGE][PASSED] - Delayed 2 second(s)

2019-08-02 17:46:23 - [MESSAGE][PASSED] - Object: '' is clicked on

2019-08-02 17:46:28 - [MESSAGE][PASSED] - Delayed 5 second(s)

2019-08-02 17:46:28 - [MESSAGE][PASSED] - Web element with id: '' located by 'By.xpath: //a[contains(text(),'Clear draft')]' is not present after '2' second(s)

2019-08-02 17:46:32 - [MESSAGE][PASSED] - Delayed 4 second(s)

2019-08-02 17:46:32 - [MESSAGE][PASSED] - Run with 'runner_OM_ExistingBuildings.LightPollutionReductionTestRunner' was passed]]></system-out>
         <system-err><![CDATA[]]></system-err>
      </testcase>
      <system-out><![CDATA[2019-08-02 17:06:31 - [TEST_SUITE][PASSED] - TS_OM_ExistingBuildings: Test Cases/OM_ExistingBuildings/TC_LightPollutionReduction]]></system-out>
      <system-err><![CDATA[]]></system-err>
   </testsuite>
</testsuites>
